{
  "D:\\Work\\RSSchool\\React\\finalTask\\graphiql-app\\graphiql-app\\app\\cookie.ts": {
    "path": "D:\\Work\\RSSchool\\React\\finalTask\\graphiql-app\\graphiql-app\\app\\cookie.ts",
    "all": false,
    "statementMap": {
      "0": {
        "start": { "line": 1, "column": 0 },
        "end": { "line": 1, "column": 47 }
      },
      "2": {
        "start": { "line": 3, "column": 0 },
        "end": { "line": 3, "column": 48 }
      },
      "3": {
        "start": { "line": 4, "column": 0 },
        "end": { "line": 4, "column": 18 }
      },
      "4": {
        "start": { "line": 5, "column": 0 },
        "end": { "line": 5, "column": 12 }
      },
      "5": {
        "start": { "line": 6, "column": 0 },
        "end": { "line": 6, "column": 3 }
      }
    },
    "s": { "0": 1, "2": 1, "3": 1, "4": 1, "5": 1 },
    "branchMap": {},
    "b": {},
    "fnMap": {},
    "f": {}
  },
  "D:\\Work\\RSSchool\\React\\finalTask\\graphiql-app\\graphiql-app\\app\\entry.client.tsx": {
    "path": "D:\\Work\\RSSchool\\React\\finalTask\\graphiql-app\\graphiql-app\\app\\entry.client.tsx",
    "all": true,
    "statementMap": {
      "0": {
        "start": { "line": 1, "column": 0 },
        "end": { "line": 1, "column": 48 }
      },
      "1": {
        "start": { "line": 2, "column": 0 },
        "end": { "line": 2, "column": 30 }
      },
      "2": {
        "start": { "line": 3, "column": 0 },
        "end": { "line": 3, "column": 64 }
      },
      "3": {
        "start": { "line": 4, "column": 0 },
        "end": { "line": 4, "column": 43 }
      },
      "4": {
        "start": { "line": 5, "column": 0 },
        "end": { "line": 5, "column": 52 }
      },
      "5": {
        "start": { "line": 6, "column": 0 },
        "end": { "line": 6, "column": 47 }
      },
      "6": {
        "start": { "line": 7, "column": 0 },
        "end": { "line": 7, "column": 66 }
      },
      "7": {
        "start": { "line": 8, "column": 0 },
        "end": { "line": 8, "column": 60 }
      },
      "8": {
        "start": { "line": 9, "column": 0 },
        "end": { "line": 9, "column": 36 }
      },
      "10": {
        "start": { "line": 11, "column": 0 },
        "end": { "line": 11, "column": 26 }
      },
      "11": {
        "start": { "line": 12, "column": 0 },
        "end": { "line": 12, "column": 15 }
      },
      "12": {
        "start": { "line": 13, "column": 0 },
        "end": { "line": 13, "column": 26 }
      },
      "13": {
        "start": { "line": 14, "column": 0 },
        "end": { "line": 14, "column": 26 }
      },
      "14": {
        "start": { "line": 15, "column": 0 },
        "end": { "line": 15, "column": 17 }
      },
      "15": {
        "start": { "line": 16, "column": 0 },
        "end": { "line": 16, "column": 11 }
      },
      "16": {
        "start": { "line": 17, "column": 0 },
        "end": { "line": 17, "column": 14 }
      },
      "17": {
        "start": { "line": 18, "column": 0 },
        "end": { "line": 18, "column": 33 }
      },
      "18": {
        "start": { "line": 19, "column": 0 },
        "end": { "line": 19, "column": 60 }
      },
      "19": {
        "start": { "line": 20, "column": 0 },
        "end": { "line": 20, "column": 18 }
      },
      "20": {
        "start": { "line": 21, "column": 0 },
        "end": { "line": 21, "column": 27 }
      },
      "21": {
        "start": { "line": 22, "column": 0 },
        "end": { "line": 22, "column": 19 }
      },
      "22": {
        "start": { "line": 23, "column": 0 },
        "end": { "line": 23, "column": 8 }
      },
      "23": {
        "start": { "line": 24, "column": 0 },
        "end": { "line": 24, "column": 7 }
      },
      "25": {
        "start": { "line": 26, "column": 0 },
        "end": { "line": 26, "column": 25 }
      },
      "26": {
        "start": { "line": 27, "column": 0 },
        "end": { "line": 27, "column": 16 }
      },
      "27": {
        "start": { "line": 28, "column": 0 },
        "end": { "line": 28, "column": 15 }
      },
      "28": {
        "start": { "line": 29, "column": 0 },
        "end": { "line": 29, "column": 38 }
      },
      "29": {
        "start": { "line": 30, "column": 0 },
        "end": { "line": 30, "column": 20 }
      },
      "30": {
        "start": { "line": 31, "column": 0 },
        "end": { "line": 31, "column": 26 }
      },
      "31": {
        "start": { "line": 32, "column": 0 },
        "end": { "line": 32, "column": 21 }
      },
      "32": {
        "start": { "line": 33, "column": 0 },
        "end": { "line": 33, "column": 25 }
      },
      "33": {
        "start": { "line": 34, "column": 0 },
        "end": { "line": 34, "column": 6 }
      },
      "34": {
        "start": { "line": 35, "column": 0 },
        "end": { "line": 35, "column": 5 }
      },
      "35": {
        "start": { "line": 36, "column": 0 },
        "end": { "line": 36, "column": 1 }
      },
      "37": {
        "start": { "line": 38, "column": 0 },
        "end": { "line": 38, "column": 33 }
      },
      "38": {
        "start": { "line": 39, "column": 0 },
        "end": { "line": 39, "column": 38 }
      },
      "39": {
        "start": { "line": 40, "column": 0 },
        "end": { "line": 40, "column": 8 }
      },
      "40": {
        "start": { "line": 41, "column": 0 },
        "end": { "line": 41, "column": 32 }
      },
      "41": {
        "start": { "line": 42, "column": 0 },
        "end": { "line": 42, "column": 1 }
      }
    },
    "s": {
      "0": 0,
      "1": 0,
      "2": 0,
      "3": 0,
      "4": 0,
      "5": 0,
      "6": 0,
      "7": 0,
      "8": 0,
      "10": 0,
      "11": 0,
      "12": 0,
      "13": 0,
      "14": 0,
      "15": 0,
      "16": 0,
      "17": 0,
      "18": 0,
      "19": 0,
      "20": 0,
      "21": 0,
      "22": 0,
      "23": 0,
      "25": 0,
      "26": 0,
      "27": 0,
      "28": 0,
      "29": 0,
      "30": 0,
      "31": 0,
      "32": 0,
      "33": 0,
      "34": 0,
      "35": 0,
      "37": 0,
      "38": 0,
      "39": 0,
      "40": 0,
      "41": 0
    },
    "branchMap": {
      "0": {
        "type": "branch",
        "line": 1,
        "loc": {
          "start": { "line": 1, "column": 1104 },
          "end": { "line": 42, "column": 1 }
        },
        "locations": [
          {
            "start": { "line": 1, "column": 1104 },
            "end": { "line": 42, "column": 1 }
          }
        ]
      }
    },
    "b": { "0": [0] },
    "fnMap": {
      "0": {
        "name": "(empty-report)",
        "decl": {
          "start": { "line": 1, "column": 1104 },
          "end": { "line": 42, "column": 1 }
        },
        "loc": {
          "start": { "line": 1, "column": 1104 },
          "end": { "line": 42, "column": 1 }
        },
        "line": 1
      }
    },
    "f": { "0": 0 }
  },
  "D:\\Work\\RSSchool\\React\\finalTask\\graphiql-app\\graphiql-app\\app\\entry.server.tsx": {
    "path": "D:\\Work\\RSSchool\\React\\finalTask\\graphiql-app\\graphiql-app\\app\\entry.server.tsx",
    "all": true,
    "statementMap": {
      "0": {
        "start": { "line": 1, "column": 0 },
        "end": { "line": 1, "column": 37 }
      },
      "4": {
        "start": { "line": 5, "column": 0 },
        "end": { "line": 5, "column": 25 }
      },
      "5": {
        "start": { "line": 6, "column": 0 },
        "end": { "line": 6, "column": 47 }
      },
      "6": {
        "start": { "line": 7, "column": 0 },
        "end": { "line": 7, "column": 30 }
      },
      "7": {
        "start": { "line": 8, "column": 0 },
        "end": { "line": 8, "column": 58 }
      },
      "8": {
        "start": { "line": 9, "column": 0 },
        "end": { "line": 9, "column": 41 }
      },
      "9": {
        "start": { "line": 10, "column": 0 },
        "end": { "line": 10, "column": 36 }
      },
      "10": {
        "start": { "line": 11, "column": 0 },
        "end": { "line": 11, "column": 66 }
      },
      "11": {
        "start": { "line": 12, "column": 0 },
        "end": { "line": 12, "column": 41 }
      },
      "12": {
        "start": { "line": 13, "column": 0 },
        "end": { "line": 13, "column": 36 }
      },
      "13": {
        "start": { "line": 14, "column": 0 },
        "end": { "line": 14, "column": 36 }
      },
      "15": {
        "start": { "line": 16, "column": 0 },
        "end": { "line": 16, "column": 25 }
      },
      "17": {
        "start": { "line": 18, "column": 0 },
        "end": { "line": 18, "column": 44 }
      },
      "18": {
        "start": { "line": 19, "column": 0 },
        "end": { "line": 19, "column": 19 }
      },
      "19": {
        "start": { "line": 20, "column": 0 },
        "end": { "line": 20, "column": 29 }
      },
      "20": {
        "start": { "line": 21, "column": 0 },
        "end": { "line": 21, "column": 27 }
      },
      "21": {
        "start": { "line": 22, "column": 0 },
        "end": { "line": 22, "column": 29 }
      },
      "22": {
        "start": { "line": 23, "column": 0 },
        "end": { "line": 23, "column": 3 }
      },
      "23": {
        "start": { "line": 24, "column": 0 },
        "end": { "line": 24, "column": 63 }
      },
      "24": {
        "start": { "line": 25, "column": 0 },
        "end": { "line": 25, "column": 18 }
      },
      "25": {
        "start": { "line": 26, "column": 0 },
        "end": { "line": 26, "column": 21 }
      },
      "27": {
        "start": { "line": 28, "column": 0 },
        "end": { "line": 28, "column": 36 }
      },
      "28": {
        "start": { "line": 29, "column": 0 },
        "end": { "line": 29, "column": 47 }
      },
      "29": {
        "start": { "line": 30, "column": 0 },
        "end": { "line": 30, "column": 54 }
      },
      "31": {
        "start": { "line": 32, "column": 0 },
        "end": { "line": 32, "column": 16 }
      },
      "32": {
        "start": { "line": 33, "column": 0 },
        "end": { "line": 33, "column": 26 }
      },
      "33": {
        "start": { "line": 34, "column": 0 },
        "end": { "line": 34, "column": 17 }
      },
      "34": {
        "start": { "line": 35, "column": 0 },
        "end": { "line": 35, "column": 11 }
      },
      "35": {
        "start": { "line": 36, "column": 0 },
        "end": { "line": 36, "column": 14 }
      },
      "36": {
        "start": { "line": 37, "column": 0 },
        "end": { "line": 37, "column": 10 }
      },
      "37": {
        "start": { "line": 38, "column": 0 },
        "end": { "line": 38, "column": 9 }
      },
      "38": {
        "start": { "line": 39, "column": 0 },
        "end": { "line": 39, "column": 77 }
      },
      "39": {
        "start": { "line": 40, "column": 0 },
        "end": { "line": 40, "column": 7 }
      },
      "41": {
        "start": { "line": 42, "column": 0 },
        "end": { "line": 42, "column": 43 }
      },
      "42": {
        "start": { "line": 43, "column": 0 },
        "end": { "line": 43, "column": 25 }
      },
      "44": {
        "start": { "line": 45, "column": 0 },
        "end": { "line": 45, "column": 51 }
      },
      "45": {
        "start": { "line": 46, "column": 0 },
        "end": { "line": 46, "column": 39 }
      },
      "46": {
        "start": { "line": 47, "column": 0 },
        "end": { "line": 47, "column": 64 }
      },
      "47": {
        "start": { "line": 48, "column": 0 },
        "end": { "line": 48, "column": 25 }
      },
      "48": {
        "start": { "line": 49, "column": 0 },
        "end": { "line": 49, "column": 7 }
      },
      "49": {
        "start": { "line": 50, "column": 0 },
        "end": { "line": 50, "column": 31 }
      },
      "50": {
        "start": { "line": 51, "column": 0 },
        "end": { "line": 51, "column": 41 }
      },
      "51": {
        "start": { "line": 52, "column": 0 },
        "end": { "line": 52, "column": 64 }
      },
      "52": {
        "start": { "line": 53, "column": 0 },
        "end": { "line": 53, "column": 59 }
      },
      "54": {
        "start": { "line": 55, "column": 0 },
        "end": { "line": 55, "column": 18 }
      },
      "55": {
        "start": { "line": 56, "column": 0 },
        "end": { "line": 56, "column": 34 }
      },
      "56": {
        "start": { "line": 57, "column": 0 },
        "end": { "line": 57, "column": 39 }
      },
      "57": {
        "start": { "line": 58, "column": 0 },
        "end": { "line": 58, "column": 58 }
      },
      "58": {
        "start": { "line": 59, "column": 0 },
        "end": { "line": 59, "column": 15 }
      },
      "59": {
        "start": { "line": 60, "column": 0 },
        "end": { "line": 60, "column": 12 }
      },
      "61": {
        "start": { "line": 62, "column": 0 },
        "end": { "line": 62, "column": 21 }
      },
      "62": {
        "start": { "line": 63, "column": 0 },
        "end": { "line": 63, "column": 10 }
      },
      "63": {
        "start": { "line": 64, "column": 0 },
        "end": { "line": 64, "column": 38 }
      },
      "64": {
        "start": { "line": 65, "column": 0 },
        "end": { "line": 65, "column": 24 }
      },
      "65": {
        "start": { "line": 66, "column": 0 },
        "end": { "line": 66, "column": 10 }
      },
      "66": {
        "start": { "line": 67, "column": 0 },
        "end": { "line": 67, "column": 33 }
      },
      "67": {
        "start": { "line": 68, "column": 0 },
        "end": { "line": 68, "column": 26 }
      },
      "69": {
        "start": { "line": 70, "column": 0 },
        "end": { "line": 70, "column": 31 }
      },
      "70": {
        "start": { "line": 71, "column": 0 },
        "end": { "line": 71, "column": 10 }
      },
      "71": {
        "start": { "line": 72, "column": 0 },
        "end": { "line": 72, "column": 8 }
      },
      "72": {
        "start": { "line": 73, "column": 0 },
        "end": { "line": 73, "column": 6 }
      },
      "74": {
        "start": { "line": 75, "column": 0 },
        "end": { "line": 75, "column": 35 }
      },
      "75": {
        "start": { "line": 76, "column": 0 },
        "end": { "line": 76, "column": 5 }
      },
      "76": {
        "start": { "line": 77, "column": 0 },
        "end": { "line": 77, "column": 1 }
      }
    },
    "s": {
      "0": 0,
      "4": 0,
      "5": 0,
      "6": 0,
      "7": 0,
      "8": 0,
      "9": 0,
      "10": 0,
      "11": 0,
      "12": 0,
      "13": 0,
      "15": 0,
      "17": 0,
      "18": 0,
      "19": 0,
      "20": 0,
      "21": 0,
      "22": 0,
      "23": 0,
      "24": 0,
      "25": 0,
      "27": 0,
      "28": 0,
      "29": 0,
      "31": 0,
      "32": 0,
      "33": 0,
      "34": 0,
      "35": 0,
      "36": 0,
      "37": 0,
      "38": 0,
      "39": 0,
      "41": 0,
      "42": 0,
      "44": 0,
      "45": 0,
      "46": 0,
      "47": 0,
      "48": 0,
      "49": 0,
      "50": 0,
      "51": 0,
      "52": 0,
      "54": 0,
      "55": 0,
      "56": 0,
      "57": 0,
      "58": 0,
      "59": 0,
      "61": 0,
      "62": 0,
      "63": 0,
      "64": 0,
      "65": 0,
      "66": 0,
      "67": 0,
      "69": 0,
      "70": 0,
      "71": 0,
      "72": 0,
      "74": 0,
      "75": 0,
      "76": 0
    },
    "branchMap": {
      "0": {
        "type": "branch",
        "line": 1,
        "loc": {
          "start": { "line": 1, "column": 0 },
          "end": { "line": 77, "column": -904 }
        },
        "locations": [
          {
            "start": { "line": 1, "column": 0 },
            "end": { "line": 77, "column": -904 }
          }
        ]
      }
    },
    "b": { "0": [0] },
    "fnMap": {
      "0": {
        "name": "(empty-report)",
        "decl": {
          "start": { "line": 1, "column": 0 },
          "end": { "line": 77, "column": -904 }
        },
        "loc": {
          "start": { "line": 1, "column": 0 },
          "end": { "line": 77, "column": -904 }
        },
        "line": 1
      }
    },
    "f": { "0": 0 }
  },
  "D:\\Work\\RSSchool\\React\\finalTask\\graphiql-app\\graphiql-app\\app\\firebase.ts": {
    "path": "D:\\Work\\RSSchool\\React\\finalTask\\graphiql-app\\graphiql-app\\app\\firebase.ts",
    "all": false,
    "statementMap": {
      "0": {
        "start": { "line": 1, "column": 0 },
        "end": { "line": 1, "column": 62 }
      },
      "1": {
        "start": { "line": 2, "column": 0 },
        "end": { "line": 2, "column": 40 }
      },
      "3": {
        "start": { "line": 4, "column": 0 },
        "end": { "line": 4, "column": 24 }
      },
      "4": {
        "start": { "line": 5, "column": 0 },
        "end": { "line": 5, "column": 52 }
      },
      "5": {
        "start": { "line": 6, "column": 0 },
        "end": { "line": 6, "column": 52 }
      },
      "6": {
        "start": { "line": 7, "column": 0 },
        "end": { "line": 7, "column": 35 }
      },
      "7": {
        "start": { "line": 8, "column": 0 },
        "end": { "line": 8, "column": 51 }
      },
      "8": {
        "start": { "line": 9, "column": 0 },
        "end": { "line": 9, "column": 36 }
      },
      "9": {
        "start": { "line": 10, "column": 0 },
        "end": { "line": 10, "column": 53 }
      },
      "10": {
        "start": { "line": 11, "column": 0 },
        "end": { "line": 11, "column": 2 }
      },
      "12": {
        "start": { "line": 13, "column": 0 },
        "end": { "line": 13, "column": 74 }
      },
      "13": {
        "start": { "line": 14, "column": 0 },
        "end": { "line": 14, "column": 26 }
      }
    },
    "s": {
      "0": 1,
      "1": 1,
      "3": 1,
      "4": 1,
      "5": 1,
      "6": 1,
      "7": 1,
      "8": 1,
      "9": 1,
      "10": 1,
      "12": 1,
      "13": 1
    },
    "branchMap": {
      "0": {
        "type": "branch",
        "line": 13,
        "loc": {
          "start": { "line": 13, "column": 29 },
          "end": { "line": 13, "column": 44 }
        },
        "locations": [
          {
            "start": { "line": 13, "column": 29 },
            "end": { "line": 13, "column": 44 }
          }
        ]
      }
    },
    "b": { "0": [0] },
    "fnMap": {},
    "f": {}
  },
  "D:\\Work\\RSSchool\\React\\finalTask\\graphiql-app\\graphiql-app\\app\\i18n.server.ts": {
    "path": "D:\\Work\\RSSchool\\React\\finalTask\\graphiql-app\\graphiql-app\\app\\i18n.server.ts",
    "all": true,
    "statementMap": {
      "0": {
        "start": { "line": 1, "column": 0 },
        "end": { "line": 1, "column": 52 }
      },
      "1": {
        "start": { "line": 2, "column": 0 },
        "end": { "line": 2, "column": 46 }
      },
      "2": {
        "start": { "line": 3, "column": 0 },
        "end": { "line": 3, "column": 41 }
      },
      "3": {
        "start": { "line": 4, "column": 0 },
        "end": { "line": 4, "column": 36 }
      },
      "4": {
        "start": { "line": 5, "column": 0 },
        "end": { "line": 5, "column": 38 }
      },
      "6": {
        "start": { "line": 7, "column": 0 },
        "end": { "line": 7, "column": 33 }
      },
      "7": {
        "start": { "line": 8, "column": 0 },
        "end": { "line": 8, "column": 14 }
      },
      "8": {
        "start": { "line": 9, "column": 0 },
        "end": { "line": 9, "column": 23 }
      },
      "9": {
        "start": { "line": 10, "column": 0 },
        "end": { "line": 10, "column": 53 }
      },
      "10": {
        "start": { "line": 11, "column": 0 },
        "end": { "line": 11, "column": 49 }
      },
      "11": {
        "start": { "line": 12, "column": 0 },
        "end": { "line": 12, "column": 4 }
      },
      "12": {
        "start": { "line": 13, "column": 0 },
        "end": { "line": 13, "column": 12 }
      },
      "13": {
        "start": { "line": 14, "column": 0 },
        "end": { "line": 14, "column": 75 }
      },
      "14": {
        "start": { "line": 15, "column": 0 },
        "end": { "line": 15, "column": 4 }
      },
      "15": {
        "start": { "line": 16, "column": 0 },
        "end": { "line": 16, "column": 19 }
      },
      "16": {
        "start": { "line": 17, "column": 0 },
        "end": { "line": 17, "column": 3 }
      }
    },
    "s": {
      "0": 0,
      "1": 0,
      "2": 0,
      "3": 0,
      "4": 0,
      "6": 0,
      "7": 0,
      "8": 0,
      "9": 0,
      "10": 0,
      "11": 0,
      "12": 0,
      "13": 0,
      "14": 0,
      "15": 0,
      "16": 0
    },
    "branchMap": {
      "0": {
        "type": "branch",
        "line": 1,
        "loc": {
          "start": { "line": 1, "column": 518 },
          "end": { "line": 17, "column": 3 }
        },
        "locations": [
          {
            "start": { "line": 1, "column": 518 },
            "end": { "line": 17, "column": 3 }
          }
        ]
      }
    },
    "b": { "0": [0] },
    "fnMap": {
      "0": {
        "name": "(empty-report)",
        "decl": {
          "start": { "line": 1, "column": 518 },
          "end": { "line": 17, "column": 3 }
        },
        "loc": {
          "start": { "line": 1, "column": 518 },
          "end": { "line": 17, "column": 3 }
        },
        "line": 1
      }
    },
    "f": { "0": 0 }
  },
  "D:\\Work\\RSSchool\\React\\finalTask\\graphiql-app\\graphiql-app\\app\\i18nextOptions.ts": {
    "path": "D:\\Work\\RSSchool\\React\\finalTask\\graphiql-app\\graphiql-app\\app\\i18nextOptions.ts",
    "all": false,
    "statementMap": {
      "0": {
        "start": { "line": 1, "column": 0 },
        "end": { "line": 1, "column": 16 }
      },
      "1": {
        "start": { "line": 2, "column": 0 },
        "end": { "line": 2, "column": 47 }
      },
      "2": {
        "start": { "line": 3, "column": 0 },
        "end": { "line": 3, "column": 20 }
      },
      "3": {
        "start": { "line": 4, "column": 0 },
        "end": { "line": 4, "column": 30 }
      },
      "4": {
        "start": { "line": 5, "column": 0 },
        "end": { "line": 5, "column": 22 }
      },
      "5": {
        "start": { "line": 6, "column": 0 },
        "end": { "line": 6, "column": 32 }
      },
      "6": {
        "start": { "line": 7, "column": 0 },
        "end": { "line": 7, "column": 2 }
      }
    },
    "s": { "0": 1, "1": 1, "2": 1, "3": 1, "4": 1, "5": 1, "6": 1 },
    "branchMap": {},
    "b": {},
    "fnMap": {},
    "f": {}
  },
  "D:\\Work\\RSSchool\\React\\finalTask\\graphiql-app\\graphiql-app\\app\\root.tsx": {
    "path": "D:\\Work\\RSSchool\\React\\finalTask\\graphiql-app\\graphiql-app\\app\\root.tsx",
    "all": true,
    "statementMap": {
      "0": {
        "start": { "line": 1, "column": 0 },
        "end": { "line": 1, "column": 8 }
      },
      "7": {
        "start": { "line": 8, "column": 0 },
        "end": { "line": 8, "column": 26 }
      },
      "8": {
        "start": { "line": 9, "column": 0 },
        "end": { "line": 9, "column": 59 }
      },
      "9": {
        "start": { "line": 10, "column": 0 },
        "end": { "line": 10, "column": 24 }
      },
      "10": {
        "start": { "line": 11, "column": 0 },
        "end": { "line": 11, "column": 41 }
      },
      "11": {
        "start": { "line": 12, "column": 0 },
        "end": { "line": 12, "column": 41 }
      },
      "12": {
        "start": { "line": 13, "column": 0 },
        "end": { "line": 13, "column": 57 }
      },
      "13": {
        "start": { "line": 14, "column": 0 },
        "end": { "line": 14, "column": 56 }
      },
      "14": {
        "start": { "line": 15, "column": 0 },
        "end": { "line": 15, "column": 47 }
      },
      "15": {
        "start": { "line": 16, "column": 0 },
        "end": { "line": 16, "column": 36 }
      },
      "16": {
        "start": { "line": 17, "column": 0 },
        "end": { "line": 17, "column": 38 }
      },
      "18": {
        "start": { "line": 19, "column": 0 },
        "end": { "line": 19, "column": 63 }
      },
      "19": {
        "start": { "line": 20, "column": 0 },
        "end": { "line": 20, "column": 50 }
      },
      "20": {
        "start": { "line": 21, "column": 0 },
        "end": { "line": 21, "column": 55 }
      },
      "21": {
        "start": { "line": 22, "column": 0 },
        "end": { "line": 22, "column": 27 }
      },
      "22": {
        "start": { "line": 23, "column": 0 },
        "end": { "line": 23, "column": 14 }
      },
      "23": {
        "start": { "line": 24, "column": 0 },
        "end": { "line": 24, "column": 22 }
      },
      "24": {
        "start": { "line": 25, "column": 0 },
        "end": { "line": 25, "column": 5 }
      },
      "25": {
        "start": { "line": 26, "column": 0 },
        "end": { "line": 26, "column": 68 }
      },
      "26": {
        "start": { "line": 27, "column": 0 },
        "end": { "line": 27, "column": 6 }
      },
      "27": {
        "start": { "line": 28, "column": 0 },
        "end": { "line": 28, "column": 4 }
      },
      "28": {
        "start": { "line": 29, "column": 0 },
        "end": { "line": 29, "column": 1 }
      },
      "30": {
        "start": { "line": 31, "column": 0 },
        "end": { "line": 31, "column": 23 }
      },
      "31": {
        "start": { "line": 32, "column": 0 },
        "end": { "line": 32, "column": 17 }
      },
      "32": {
        "start": { "line": 33, "column": 0 },
        "end": { "line": 33, "column": 2 }
      },
      "34": {
        "start": { "line": 35, "column": 0 },
        "end": { "line": 35, "column": 69 }
      },
      "35": {
        "start": { "line": 36, "column": 0 },
        "end": { "line": 36, "column": 52 }
      },
      "37": {
        "start": { "line": 38, "column": 0 },
        "end": { "line": 38, "column": 36 }
      },
      "39": {
        "start": { "line": 40, "column": 0 },
        "end": { "line": 40, "column": 28 }
      },
      "41": {
        "start": { "line": 42, "column": 0 },
        "end": { "line": 42, "column": 10 }
      },
      "42": {
        "start": { "line": 43, "column": 0 },
        "end": { "line": 43, "column": 41 }
      },
      "43": {
        "start": { "line": 44, "column": 0 },
        "end": { "line": 44, "column": 12 }
      },
      "44": {
        "start": { "line": 45, "column": 0 },
        "end": { "line": 45, "column": 32 }
      },
      "45": {
        "start": { "line": 46, "column": 0 },
        "end": { "line": 46, "column": 78 }
      },
      "46": {
        "start": { "line": 47, "column": 0 },
        "end": { "line": 47, "column": 16 }
      },
      "47": {
        "start": { "line": 48, "column": 0 },
        "end": { "line": 48, "column": 17 }
      },
      "48": {
        "start": { "line": 49, "column": 0 },
        "end": { "line": 49, "column": 13 }
      },
      "49": {
        "start": { "line": 50, "column": 0 },
        "end": { "line": 50, "column": 47 }
      },
      "50": {
        "start": { "line": 51, "column": 0 },
        "end": { "line": 51, "column": 19 }
      },
      "51": {
        "start": { "line": 52, "column": 0 },
        "end": { "line": 52, "column": 20 }
      },
      "52": {
        "start": { "line": 53, "column": 0 },
        "end": { "line": 53, "column": 20 }
      },
      "53": {
        "start": { "line": 54, "column": 0 },
        "end": { "line": 54, "column": 20 }
      },
      "54": {
        "start": { "line": 55, "column": 0 },
        "end": { "line": 55, "column": 20 }
      },
      "55": {
        "start": { "line": 56, "column": 0 },
        "end": { "line": 56, "column": 29 }
      },
      "56": {
        "start": { "line": 57, "column": 0 },
        "end": { "line": 57, "column": 19 }
      },
      "57": {
        "start": { "line": 58, "column": 0 },
        "end": { "line": 58, "column": 13 }
      },
      "58": {
        "start": { "line": 59, "column": 0 },
        "end": { "line": 59, "column": 11 }
      },
      "60": {
        "start": { "line": 61, "column": 0 },
        "end": { "line": 61, "column": 1 }
      },
      "62": {
        "start": { "line": 63, "column": 0 },
        "end": { "line": 63, "column": 31 }
      },
      "63": {
        "start": { "line": 64, "column": 0 },
        "end": { "line": 64, "column": 52 }
      },
      "64": {
        "start": { "line": 65, "column": 0 },
        "end": { "line": 65, "column": 37 }
      },
      "65": {
        "start": { "line": 66, "column": 0 },
        "end": { "line": 66, "column": 1 }
      }
    },
    "s": {
      "0": 0,
      "7": 0,
      "8": 0,
      "9": 0,
      "10": 0,
      "11": 0,
      "12": 0,
      "13": 0,
      "14": 0,
      "15": 0,
      "16": 0,
      "18": 0,
      "19": 0,
      "20": 0,
      "21": 0,
      "22": 0,
      "23": 0,
      "24": 0,
      "25": 0,
      "26": 0,
      "27": 0,
      "28": 0,
      "30": 0,
      "31": 0,
      "32": 0,
      "34": 0,
      "35": 0,
      "37": 0,
      "39": 0,
      "41": 0,
      "42": 0,
      "43": 0,
      "44": 0,
      "45": 0,
      "46": 0,
      "47": 0,
      "48": 0,
      "49": 0,
      "50": 0,
      "51": 0,
      "52": 0,
      "53": 0,
      "54": 0,
      "55": 0,
      "56": 0,
      "57": 0,
      "58": 0,
      "60": 0,
      "62": 0,
      "63": 0,
      "64": 0,
      "65": 0
    },
    "branchMap": {
      "0": {
        "type": "branch",
        "line": 1,
        "loc": {
          "start": { "line": 1, "column": 0 },
          "end": { "line": 66, "column": -833 }
        },
        "locations": [
          {
            "start": { "line": 1, "column": 0 },
            "end": { "line": 66, "column": -833 }
          }
        ]
      }
    },
    "b": { "0": [0] },
    "fnMap": {
      "0": {
        "name": "(empty-report)",
        "decl": {
          "start": { "line": 1, "column": 0 },
          "end": { "line": 66, "column": -833 }
        },
        "loc": {
          "start": { "line": 1, "column": 0 },
          "end": { "line": 66, "column": -833 }
        },
        "line": 1
      }
    },
    "f": { "0": 0 }
  },
  "D:\\Work\\RSSchool\\React\\finalTask\\graphiql-app\\graphiql-app\\app\\components\\CodeEditor.tsx": {
    "path": "D:\\Work\\RSSchool\\React\\finalTask\\graphiql-app\\graphiql-app\\app\\components\\CodeEditor.tsx",
    "all": false,
    "statementMap": {
      "0": {
        "start": { "line": 1, "column": 0 },
        "end": { "line": 1, "column": 75 }
      },
      "1": {
        "start": { "line": 2, "column": 0 },
        "end": { "line": 2, "column": 43 }
      },
      "12": {
        "start": { "line": 13, "column": 0 },
        "end": { "line": 13, "column": 64 }
      },
      "13": {
        "start": { "line": 14, "column": 0 },
        "end": { "line": 14, "column": 70 }
      },
      "15": {
        "start": { "line": 16, "column": 0 },
        "end": { "line": 16, "column": 29 }
      },
      "16": {
        "start": { "line": 17, "column": 0 },
        "end": { "line": 17, "column": 72 }
      },
      "17": {
        "start": { "line": 18, "column": 0 },
        "end": { "line": 18, "column": 4 }
      },
      "19": {
        "start": { "line": 20, "column": 0 },
        "end": { "line": 20, "column": 35 }
      },
      "20": {
        "start": { "line": 21, "column": 0 },
        "end": { "line": 21, "column": 50 }
      },
      "29": {
        "start": { "line": 30, "column": 0 },
        "end": { "line": 30, "column": 6 }
      },
      "31": {
        "start": { "line": 32, "column": 0 },
        "end": { "line": 32, "column": 19 }
      },
      "32": {
        "start": { "line": 33, "column": 0 },
        "end": { "line": 33, "column": 36 }
      },
      "33": {
        "start": { "line": 34, "column": 0 },
        "end": { "line": 34, "column": 56 }
      },
      "34": {
        "start": { "line": 35, "column": 0 },
        "end": { "line": 35, "column": 48 }
      },
      "35": {
        "start": { "line": 36, "column": 0 },
        "end": { "line": 36, "column": 60 }
      },
      "36": {
        "start": { "line": 37, "column": 0 },
        "end": { "line": 37, "column": 29 }
      },
      "37": {
        "start": { "line": 38, "column": 0 },
        "end": { "line": 38, "column": 35 }
      },
      "38": {
        "start": { "line": 39, "column": 0 },
        "end": { "line": 39, "column": 20 }
      },
      "39": {
        "start": { "line": 40, "column": 0 },
        "end": { "line": 40, "column": 27 }
      },
      "40": {
        "start": { "line": 41, "column": 0 },
        "end": { "line": 41, "column": 12 }
      },
      "41": {
        "start": { "line": 42, "column": 0 },
        "end": { "line": 42, "column": 37 }
      },
      "42": {
        "start": { "line": 43, "column": 0 },
        "end": { "line": 43, "column": 30 }
      },
      "43": {
        "start": { "line": 44, "column": 0 },
        "end": { "line": 44, "column": 29 }
      },
      "44": {
        "start": { "line": 45, "column": 0 },
        "end": { "line": 45, "column": 29 }
      },
      "45": {
        "start": { "line": 46, "column": 0 },
        "end": { "line": 46, "column": 11 }
      },
      "46": {
        "start": { "line": 47, "column": 0 },
        "end": { "line": 47, "column": 57 }
      },
      "47": {
        "start": { "line": 48, "column": 0 },
        "end": { "line": 48, "column": 48 }
      },
      "48": {
        "start": { "line": 49, "column": 0 },
        "end": { "line": 49, "column": 48 }
      },
      "49": {
        "start": { "line": 50, "column": 0 },
        "end": { "line": 50, "column": 27 }
      },
      "50": {
        "start": { "line": 51, "column": 0 },
        "end": { "line": 51, "column": 11 }
      },
      "51": {
        "start": { "line": 52, "column": 0 },
        "end": { "line": 52, "column": 11 }
      },
      "52": {
        "start": { "line": 53, "column": 0 },
        "end": { "line": 53, "column": 26 }
      },
      "53": {
        "start": { "line": 54, "column": 0 },
        "end": { "line": 54, "column": 22 }
      },
      "54": {
        "start": { "line": 55, "column": 0 },
        "end": { "line": 55, "column": 54 }
      },
      "55": {
        "start": { "line": 56, "column": 0 },
        "end": { "line": 56, "column": 19 }
      },
      "56": {
        "start": { "line": 57, "column": 0 },
        "end": { "line": 57, "column": 25 }
      },
      "57": {
        "start": { "line": 58, "column": 0 },
        "end": { "line": 58, "column": 71 }
      },
      "58": {
        "start": { "line": 59, "column": 0 },
        "end": { "line": 59, "column": 15 }
      },
      "59": {
        "start": { "line": 60, "column": 0 },
        "end": { "line": 60, "column": 14 }
      },
      "60": {
        "start": { "line": 61, "column": 0 },
        "end": { "line": 61, "column": 59 }
      },
      "61": {
        "start": { "line": 62, "column": 0 },
        "end": { "line": 62, "column": 7 }
      },
      "62": {
        "start": { "line": 63, "column": 0 },
        "end": { "line": 63, "column": 7 }
      },
      "63": {
        "start": { "line": 64, "column": 0 },
        "end": { "line": 64, "column": 9 }
      },
      "65": {
        "start": { "line": 66, "column": 0 },
        "end": { "line": 66, "column": 10 }
      },
      "66": {
        "start": { "line": 67, "column": 0 },
        "end": { "line": 67, "column": 6 }
      },
      "67": {
        "start": { "line": 68, "column": 0 },
        "end": { "line": 68, "column": 11 }
      },
      "68": {
        "start": { "line": 69, "column": 0 },
        "end": { "line": 69, "column": 29 }
      },
      "69": {
        "start": { "line": 70, "column": 0 },
        "end": { "line": 70, "column": 17 }
      },
      "70": {
        "start": { "line": 71, "column": 0 },
        "end": { "line": 71, "column": 150 }
      },
      "71": {
        "start": { "line": 72, "column": 0 },
        "end": { "line": 72, "column": 33 }
      },
      "72": {
        "start": { "line": 73, "column": 0 },
        "end": { "line": 73, "column": 11 }
      },
      "74": {
        "start": { "line": 75, "column": 0 },
        "end": { "line": 75, "column": 19 }
      },
      "76": {
        "start": { "line": 77, "column": 0 },
        "end": { "line": 77, "column": 12 }
      },
      "77": {
        "start": { "line": 78, "column": 0 },
        "end": { "line": 78, "column": 27 }
      },
      "78": {
        "start": { "line": 79, "column": 0 },
        "end": { "line": 79, "column": 7 }
      },
      "80": {
        "start": { "line": 81, "column": 0 },
        "end": { "line": 81, "column": 3 }
      },
      "82": {
        "start": { "line": 83, "column": 0 },
        "end": { "line": 83, "column": 38 }
      },
      "83": {
        "start": { "line": 84, "column": 0 },
        "end": { "line": 84, "column": 26 }
      }
    },
    "s": {
      "0": 1,
      "1": 1,
      "12": 1,
      "13": 9,
      "15": 9,
      "16": 0,
      "17": 0,
      "19": 9,
      "20": 9,
      "29": 9,
      "31": 9,
      "32": 5,
      "33": 0,
      "34": 0,
      "35": 0,
      "36": 0,
      "37": 0,
      "38": 0,
      "39": 0,
      "40": 0,
      "41": 0,
      "42": 0,
      "43": 0,
      "44": 0,
      "45": 0,
      "46": 0,
      "47": 0,
      "48": 0,
      "49": 0,
      "50": 0,
      "51": 0,
      "52": 0,
      "53": 0,
      "54": 0,
      "55": 0,
      "56": 0,
      "57": 0,
      "58": 0,
      "59": 0,
      "60": 0,
      "61": 0,
      "62": 5,
      "63": 9,
      "65": 9,
      "66": 9,
      "67": 9,
      "68": 9,
      "69": 9,
      "70": 9,
      "71": 9,
      "72": 9,
      "74": 9,
      "76": 9,
      "77": 9,
      "78": 9,
      "80": 9,
      "82": 1,
      "83": 1
    },
    "branchMap": {
      "0": {
        "type": "branch",
        "line": 13,
        "loc": {
          "start": { "line": 13, "column": 30 },
          "end": { "line": 81, "column": 3 }
        },
        "locations": [
          {
            "start": { "line": 13, "column": 30 },
            "end": { "line": 81, "column": 3 }
          }
        ]
      },
      "1": {
        "type": "branch",
        "line": 20,
        "loc": {
          "start": { "line": 20, "column": 27 },
          "end": { "line": 30, "column": 4 }
        },
        "locations": [
          {
            "start": { "line": 20, "column": 27 },
            "end": { "line": 30, "column": 4 }
          }
        ]
      },
      "2": {
        "type": "branch",
        "line": 32,
        "loc": {
          "start": { "line": 32, "column": 12 },
          "end": { "line": 64, "column": 5 }
        },
        "locations": [
          {
            "start": { "line": 32, "column": 12 },
            "end": { "line": 64, "column": 5 }
          }
        ]
      }
    },
    "b": { "0": [9], "1": [9], "2": [5] },
    "fnMap": {
      "0": {
        "name": "formatInput",
        "decl": {
          "start": { "line": 16, "column": 22 },
          "end": { "line": 18, "column": 4 }
        },
        "loc": {
          "start": { "line": 16, "column": 22 },
          "end": { "line": 18, "column": 4 }
        },
        "line": 16
      },
      "1": {
        "name": "getValue",
        "decl": {
          "start": { "line": 21, "column": 14 },
          "end": { "line": 21, "column": 50 }
        },
        "loc": {
          "start": { "line": 21, "column": 14 },
          "end": { "line": 21, "column": 50 }
        },
        "line": 21
      }
    },
    "f": { "0": 0, "1": 0 }
  },
  "D:\\Work\\RSSchool\\React\\finalTask\\graphiql-app\\graphiql-app\\app\\components\\Footer.tsx": {
    "path": "D:\\Work\\RSSchool\\React\\finalTask\\graphiql-app\\graphiql-app\\app\\components\\Footer.tsx",
    "all": false,
    "statementMap": {
      "0": {
        "start": { "line": 1, "column": 0 },
        "end": { "line": 1, "column": 40 }
      },
      "1": {
        "start": { "line": 2, "column": 0 },
        "end": { "line": 2, "column": 50 }
      },
      "2": {
        "start": { "line": 3, "column": 0 },
        "end": { "line": 3, "column": 43 }
      },
      "4": {
        "start": { "line": 5, "column": 0 },
        "end": { "line": 5, "column": 34 }
      },
      "5": {
        "start": { "line": 6, "column": 0 },
        "end": { "line": 6, "column": 10 }
      },
      "6": {
        "start": { "line": 7, "column": 0 },
        "end": { "line": 7, "column": 114 }
      },
      "7": {
        "start": { "line": 8, "column": 0 },
        "end": { "line": 8, "column": 72 }
      },
      "8": {
        "start": { "line": 9, "column": 0 },
        "end": { "line": 9, "column": 13 }
      },
      "9": {
        "start": { "line": 10, "column": 0 },
        "end": { "line": 10, "column": 15 }
      },
      "10": {
        "start": { "line": 11, "column": 0 },
        "end": { "line": 11, "column": 86 }
      },
      "11": {
        "start": { "line": 12, "column": 0 },
        "end": { "line": 12, "column": 49 }
      },
      "12": {
        "start": { "line": 13, "column": 0 },
        "end": { "line": 13, "column": 27 }
      },
      "13": {
        "start": { "line": 14, "column": 0 },
        "end": { "line": 14, "column": 28 }
      },
      "15": {
        "start": { "line": 16, "column": 0 },
        "end": { "line": 16, "column": 72 }
      },
      "16": {
        "start": { "line": 17, "column": 0 },
        "end": { "line": 17, "column": 17 }
      },
      "17": {
        "start": { "line": 18, "column": 0 },
        "end": { "line": 18, "column": 14 }
      },
      "18": {
        "start": { "line": 19, "column": 0 },
        "end": { "line": 19, "column": 13 }
      },
      "19": {
        "start": { "line": 20, "column": 0 },
        "end": { "line": 20, "column": 56 }
      },
      "20": {
        "start": { "line": 21, "column": 0 },
        "end": { "line": 21, "column": 14 }
      },
      "21": {
        "start": { "line": 22, "column": 0 },
        "end": { "line": 22, "column": 13 }
      },
      "22": {
        "start": { "line": 23, "column": 0 },
        "end": { "line": 23, "column": 15 }
      },
      "23": {
        "start": { "line": 24, "column": 0 },
        "end": { "line": 24, "column": 86 }
      },
      "24": {
        "start": { "line": 25, "column": 0 },
        "end": { "line": 25, "column": 44 }
      },
      "25": {
        "start": { "line": 26, "column": 0 },
        "end": { "line": 26, "column": 27 }
      },
      "26": {
        "start": { "line": 27, "column": 0 },
        "end": { "line": 27, "column": 28 }
      },
      "28": {
        "start": { "line": 29, "column": 0 },
        "end": { "line": 29, "column": 71 }
      },
      "29": {
        "start": { "line": 30, "column": 0 },
        "end": { "line": 30, "column": 17 }
      },
      "30": {
        "start": { "line": 31, "column": 0 },
        "end": { "line": 31, "column": 14 }
      },
      "31": {
        "start": { "line": 32, "column": 0 },
        "end": { "line": 32, "column": 12 }
      },
      "32": {
        "start": { "line": 33, "column": 0 },
        "end": { "line": 33, "column": 13 }
      },
      "34": {
        "start": { "line": 35, "column": 0 },
        "end": { "line": 35, "column": 1 }
      }
    },
    "s": {
      "0": 1,
      "1": 1,
      "2": 1,
      "4": 2,
      "5": 2,
      "6": 2,
      "7": 2,
      "8": 2,
      "9": 2,
      "10": 2,
      "11": 2,
      "12": 2,
      "13": 2,
      "15": 2,
      "16": 2,
      "17": 2,
      "18": 2,
      "19": 2,
      "20": 2,
      "21": 2,
      "22": 2,
      "23": 2,
      "24": 2,
      "25": 2,
      "26": 2,
      "28": 2,
      "29": 2,
      "30": 2,
      "31": 2,
      "32": 2,
      "34": 2
    },
    "branchMap": {
      "0": {
        "type": "branch",
        "line": 5,
        "loc": {
          "start": { "line": 5, "column": 0 },
          "end": { "line": 35, "column": 1 }
        },
        "locations": [
          {
            "start": { "line": 5, "column": 0 },
            "end": { "line": 35, "column": 1 }
          }
        ]
      }
    },
    "b": { "0": [2] },
    "fnMap": {
      "0": {
        "name": "Footer",
        "decl": {
          "start": { "line": 5, "column": 0 },
          "end": { "line": 35, "column": 1 }
        },
        "loc": {
          "start": { "line": 5, "column": 0 },
          "end": { "line": 35, "column": 1 }
        },
        "line": 5
      }
    },
    "f": { "0": 2 }
  },
  "D:\\Work\\RSSchool\\React\\finalTask\\graphiql-app\\graphiql-app\\app\\components\\Header.tsx": {
    "path": "D:\\Work\\RSSchool\\React\\finalTask\\graphiql-app\\graphiql-app\\app\\components\\Header.tsx",
    "all": false,
    "statementMap": {
      "0": {
        "start": { "line": 1, "column": 0 },
        "end": { "line": 1, "column": 53 }
      },
      "1": {
        "start": { "line": 2, "column": 0 },
        "end": { "line": 2, "column": 57 }
      },
      "2": {
        "start": { "line": 3, "column": 0 },
        "end": { "line": 3, "column": 44 }
      },
      "3": {
        "start": { "line": 4, "column": 0 },
        "end": { "line": 4, "column": 47 }
      },
      "4": {
        "start": { "line": 5, "column": 0 },
        "end": { "line": 5, "column": 35 }
      },
      "5": {
        "start": { "line": 6, "column": 0 },
        "end": { "line": 6, "column": 62 }
      },
      "6": {
        "start": { "line": 7, "column": 0 },
        "end": { "line": 7, "column": 56 }
      },
      "7": {
        "start": { "line": 8, "column": 0 },
        "end": { "line": 8, "column": 47 }
      },
      "8": {
        "start": { "line": 9, "column": 0 },
        "end": { "line": 9, "column": 52 }
      },
      "10": {
        "start": { "line": 11, "column": 0 },
        "end": { "line": 11, "column": 23 }
      },
      "11": {
        "start": { "line": 12, "column": 0 },
        "end": { "line": 12, "column": 19 }
      },
      "12": {
        "start": { "line": 13, "column": 0 },
        "end": { "line": 13, "column": 2 }
      },
      "14": {
        "start": { "line": 15, "column": 0 },
        "end": { "line": 15, "column": 34 }
      },
      "15": {
        "start": { "line": 16, "column": 0 },
        "end": { "line": 16, "column": 44 }
      },
      "16": {
        "start": { "line": 17, "column": 0 },
        "end": { "line": 17, "column": 46 }
      },
      "17": {
        "start": { "line": 18, "column": 0 },
        "end": { "line": 18, "column": 33 }
      },
      "18": {
        "start": { "line": 19, "column": 0 },
        "end": { "line": 19, "column": 62 }
      },
      "19": {
        "start": { "line": 20, "column": 0 },
        "end": { "line": 20, "column": 54 }
      },
      "21": {
        "start": { "line": 22, "column": 0 },
        "end": { "line": 22, "column": 19 }
      },
      "22": {
        "start": { "line": 23, "column": 0 },
        "end": { "line": 23, "column": 55 }
      },
      "23": {
        "start": { "line": 24, "column": 0 },
        "end": { "line": 24, "column": 17 }
      },
      "24": {
        "start": { "line": 25, "column": 0 },
        "end": { "line": 25, "column": 26 }
      },
      "25": {
        "start": { "line": 26, "column": 0 },
        "end": { "line": 26, "column": 14 }
      },
      "26": {
        "start": { "line": 27, "column": 0 },
        "end": { "line": 27, "column": 26 }
      },
      "27": {
        "start": { "line": 28, "column": 0 },
        "end": { "line": 28, "column": 7 }
      },
      "28": {
        "start": { "line": 29, "column": 0 },
        "end": { "line": 29, "column": 7 }
      },
      "29": {
        "start": { "line": 30, "column": 0 },
        "end": { "line": 30, "column": 26 }
      },
      "30": {
        "start": { "line": 31, "column": 0 },
        "end": { "line": 31, "column": 9 }
      },
      "32": {
        "start": { "line": 33, "column": 0 },
        "end": { "line": 33, "column": 19 }
      },
      "33": {
        "start": { "line": 34, "column": 0 },
        "end": { "line": 34, "column": 32 }
      },
      "34": {
        "start": { "line": 35, "column": 0 },
        "end": { "line": 35, "column": 55 }
      },
      "35": {
        "start": { "line": 36, "column": 0 },
        "end": { "line": 36, "column": 19 }
      },
      "36": {
        "start": { "line": 37, "column": 0 },
        "end": { "line": 37, "column": 34 }
      },
      "37": {
        "start": { "line": 38, "column": 0 },
        "end": { "line": 38, "column": 43 }
      },
      "38": {
        "start": { "line": 39, "column": 0 },
        "end": { "line": 39, "column": 30 }
      },
      "39": {
        "start": { "line": 40, "column": 0 },
        "end": { "line": 40, "column": 16 }
      },
      "40": {
        "start": { "line": 41, "column": 0 },
        "end": { "line": 41, "column": 46 }
      },
      "41": {
        "start": { "line": 42, "column": 0 },
        "end": { "line": 42, "column": 31 }
      },
      "42": {
        "start": { "line": 43, "column": 0 },
        "end": { "line": 43, "column": 9 }
      },
      "43": {
        "start": { "line": 44, "column": 0 },
        "end": { "line": 44, "column": 7 }
      },
      "44": {
        "start": { "line": 45, "column": 0 },
        "end": { "line": 45, "column": 6 }
      },
      "45": {
        "start": { "line": 46, "column": 0 },
        "end": { "line": 46, "column": 52 }
      },
      "46": {
        "start": { "line": 47, "column": 0 },
        "end": { "line": 47, "column": 68 }
      },
      "47": {
        "start": { "line": 48, "column": 0 },
        "end": { "line": 48, "column": 9 }
      },
      "49": {
        "start": { "line": 50, "column": 0 },
        "end": { "line": 50, "column": 43 }
      },
      "50": {
        "start": { "line": 51, "column": 0 },
        "end": { "line": 51, "column": 10 }
      },
      "51": {
        "start": { "line": 52, "column": 0 },
        "end": { "line": 52, "column": 11 }
      },
      "52": {
        "start": { "line": 53, "column": 0 },
        "end": { "line": 53, "column": 17 }
      },
      "53": {
        "start": { "line": 54, "column": 0 },
        "end": { "line": 54, "column": 173 }
      },
      "55": {
        "start": { "line": 56, "column": 0 },
        "end": { "line": 56, "column": 10 }
      },
      "56": {
        "start": { "line": 57, "column": 0 },
        "end": { "line": 57, "column": 13 }
      },
      "57": {
        "start": { "line": 58, "column": 0 },
        "end": { "line": 58, "column": 195 }
      },
      "58": {
        "start": { "line": 59, "column": 0 },
        "end": { "line": 59, "column": 16 }
      },
      "59": {
        "start": { "line": 60, "column": 0 },
        "end": { "line": 60, "column": 9 }
      },
      "61": {
        "start": { "line": 62, "column": 0 },
        "end": { "line": 62, "column": 15 }
      },
      "62": {
        "start": { "line": 63, "column": 0 },
        "end": { "line": 63, "column": 11 }
      },
      "63": {
        "start": { "line": 64, "column": 0 },
        "end": { "line": 64, "column": 11 }
      },
      "64": {
        "start": { "line": 65, "column": 0 },
        "end": { "line": 65, "column": 28 }
      },
      "65": {
        "start": { "line": 66, "column": 0 },
        "end": { "line": 66, "column": 15 }
      },
      "66": {
        "start": { "line": 67, "column": 0 },
        "end": { "line": 67, "column": 21 }
      },
      "67": {
        "start": { "line": 68, "column": 0 },
        "end": { "line": 68, "column": 92 }
      },
      "68": {
        "start": { "line": 69, "column": 0 },
        "end": { "line": 69, "column": 43 }
      },
      "69": {
        "start": { "line": 70, "column": 0 },
        "end": { "line": 70, "column": 116 }
      },
      "70": {
        "start": { "line": 71, "column": 0 },
        "end": { "line": 71, "column": 103 }
      },
      "71": {
        "start": { "line": 72, "column": 0 },
        "end": { "line": 72, "column": 30 }
      },
      "72": {
        "start": { "line": 73, "column": 0 },
        "end": { "line": 73, "column": 57 }
      },
      "73": {
        "start": { "line": 74, "column": 0 },
        "end": { "line": 74, "column": 53 }
      },
      "74": {
        "start": { "line": 75, "column": 0 },
        "end": { "line": 75, "column": 20 }
      },
      "75": {
        "start": { "line": 76, "column": 0 },
        "end": { "line": 76, "column": 15 }
      },
      "76": {
        "start": { "line": 77, "column": 0 },
        "end": { "line": 77, "column": 50 }
      },
      "78": {
        "start": { "line": 79, "column": 0 },
        "end": { "line": 79, "column": 31 }
      },
      "79": {
        "start": { "line": 80, "column": 0 },
        "end": { "line": 80, "column": 17 }
      },
      "80": {
        "start": { "line": 81, "column": 0 },
        "end": { "line": 81, "column": 11 }
      },
      "81": {
        "start": { "line": 82, "column": 0 },
        "end": { "line": 82, "column": 12 }
      },
      "83": {
        "start": { "line": 84, "column": 0 },
        "end": { "line": 84, "column": 20 }
      },
      "84": {
        "start": { "line": 85, "column": 0 },
        "end": { "line": 85, "column": 43 }
      },
      "85": {
        "start": { "line": 86, "column": 0 },
        "end": { "line": 86, "column": 15 }
      },
      "86": {
        "start": { "line": 87, "column": 0 },
        "end": { "line": 87, "column": 189 }
      },
      "87": {
        "start": { "line": 88, "column": 0 },
        "end": { "line": 88, "column": 24 }
      },
      "89": {
        "start": { "line": 90, "column": 0 },
        "end": { "line": 90, "column": 25 }
      },
      "90": {
        "start": { "line": 91, "column": 0 },
        "end": { "line": 91, "column": 17 }
      },
      "91": {
        "start": { "line": 92, "column": 0 },
        "end": { "line": 92, "column": 15 }
      },
      "92": {
        "start": { "line": 93, "column": 0 },
        "end": { "line": 93, "column": 189 }
      },
      "93": {
        "start": { "line": 94, "column": 0 },
        "end": { "line": 94, "column": 24 }
      },
      "95": {
        "start": { "line": 96, "column": 0 },
        "end": { "line": 96, "column": 25 }
      },
      "96": {
        "start": { "line": 97, "column": 0 },
        "end": { "line": 97, "column": 17 }
      },
      "97": {
        "start": { "line": 98, "column": 0 },
        "end": { "line": 98, "column": 14 }
      },
      "99": {
        "start": { "line": 100, "column": 0 },
        "end": { "line": 100, "column": 43 }
      },
      "100": {
        "start": { "line": 101, "column": 0 },
        "end": { "line": 101, "column": 15 }
      },
      "101": {
        "start": { "line": 102, "column": 0 },
        "end": { "line": 102, "column": 189 }
      },
      "102": {
        "start": { "line": 103, "column": 0 },
        "end": { "line": 103, "column": 25 }
      },
      "103": {
        "start": { "line": 104, "column": 0 },
        "end": { "line": 104, "column": 11 }
      },
      "105": {
        "start": { "line": 106, "column": 0 },
        "end": { "line": 106, "column": 17 }
      },
      "106": {
        "start": { "line": 107, "column": 0 },
        "end": { "line": 107, "column": 15 }
      },
      "107": {
        "start": { "line": 108, "column": 0 },
        "end": { "line": 108, "column": 189 }
      },
      "108": {
        "start": { "line": 109, "column": 0 },
        "end": { "line": 109, "column": 25 }
      },
      "109": {
        "start": { "line": 110, "column": 0 },
        "end": { "line": 110, "column": 11 }
      },
      "111": {
        "start": { "line": 112, "column": 0 },
        "end": { "line": 112, "column": 17 }
      },
      "112": {
        "start": { "line": 113, "column": 0 },
        "end": { "line": 113, "column": 15 }
      },
      "113": {
        "start": { "line": 114, "column": 0 },
        "end": { "line": 114, "column": 189 }
      },
      "114": {
        "start": { "line": 115, "column": 0 },
        "end": { "line": 115, "column": 25 }
      },
      "115": {
        "start": { "line": 116, "column": 0 },
        "end": { "line": 116, "column": 11 }
      },
      "117": {
        "start": { "line": 118, "column": 0 },
        "end": { "line": 118, "column": 17 }
      },
      "118": {
        "start": { "line": 119, "column": 0 },
        "end": { "line": 119, "column": 22 }
      },
      "119": {
        "start": { "line": 120, "column": 0 },
        "end": { "line": 120, "column": 64 }
      },
      "120": {
        "start": { "line": 121, "column": 0 },
        "end": { "line": 121, "column": 28 }
      },
      "121": {
        "start": { "line": 122, "column": 0 },
        "end": { "line": 122, "column": 30 }
      },
      "122": {
        "start": { "line": 123, "column": 0 },
        "end": { "line": 123, "column": 12 }
      },
      "123": {
        "start": { "line": 124, "column": 0 },
        "end": { "line": 124, "column": 14 }
      },
      "125": {
        "start": { "line": 126, "column": 0 },
        "end": { "line": 126, "column": 13 }
      },
      "127": {
        "start": { "line": 128, "column": 0 },
        "end": { "line": 128, "column": 1 }
      }
    },
    "s": {
      "0": 1,
      "1": 1,
      "2": 1,
      "3": 1,
      "4": 1,
      "5": 1,
      "6": 1,
      "7": 1,
      "8": 1,
      "10": 1,
      "11": 1,
      "12": 1,
      "14": 3,
      "15": 3,
      "16": 3,
      "17": 3,
      "18": 3,
      "19": 3,
      "21": 3,
      "22": 2,
      "23": 2,
      "24": 1,
      "25": 1,
      "26": 1,
      "27": 1,
      "28": 2,
      "29": 2,
      "30": 3,
      "32": 3,
      "33": 2,
      "34": 0,
      "35": 0,
      "36": 0,
      "37": 0,
      "38": 0,
      "39": 0,
      "40": 0,
      "41": 0,
      "42": 0,
      "43": 0,
      "44": 0,
      "45": 2,
      "46": 2,
      "47": 3,
      "49": 3,
      "50": 3,
      "51": 3,
      "52": 3,
      "53": 3,
      "55": 3,
      "56": 3,
      "57": 3,
      "58": 3,
      "59": 3,
      "61": 3,
      "62": 3,
      "63": 3,
      "64": 3,
      "65": 6,
      "66": 6,
      "67": 6,
      "68": 6,
      "69": 3,
      "70": 3,
      "71": 3,
      "72": 0,
      "73": 3,
      "74": 3,
      "75": 6,
      "76": 6,
      "78": 6,
      "79": 6,
      "80": 3,
      "81": 3,
      "83": 3,
      "84": 2,
      "85": 2,
      "86": 2,
      "87": 2,
      "89": 2,
      "90": 2,
      "91": 2,
      "92": 2,
      "93": 2,
      "95": 2,
      "96": 2,
      "97": 2,
      "99": 1,
      "100": 1,
      "101": 1,
      "102": 1,
      "103": 1,
      "105": 1,
      "106": 1,
      "107": 1,
      "108": 1,
      "109": 1,
      "111": 1,
      "112": 1,
      "113": 1,
      "114": 1,
      "115": 1,
      "117": 1,
      "118": 1,
      "119": 1,
      "120": 1,
      "121": 1,
      "122": 1,
      "123": 1,
      "125": 3,
      "127": 3
    },
    "branchMap": {
      "0": {
        "type": "branch",
        "line": 15,
        "loc": {
          "start": { "line": 15, "column": 0 },
          "end": { "line": 128, "column": 1 }
        },
        "locations": [
          {
            "start": { "line": 15, "column": 0 },
            "end": { "line": 128, "column": 1 }
          }
        ]
      },
      "1": {
        "type": "branch",
        "line": 50,
        "loc": {
          "start": { "line": 50, "column": 14 },
          "end": { "line": 50, "column": 43 }
        },
        "locations": [
          {
            "start": { "line": 50, "column": 14 },
            "end": { "line": 50, "column": 43 }
          }
        ]
      },
      "2": {
        "type": "branch",
        "line": 58,
        "loc": {
          "start": { "line": 58, "column": 114 },
          "end": { "line": 58, "column": 163 }
        },
        "locations": [
          {
            "start": { "line": 58, "column": 114 },
            "end": { "line": 58, "column": 163 }
          }
        ]
      },
      "3": {
        "type": "branch",
        "line": 84,
        "loc": {
          "start": { "line": 84, "column": 8 },
          "end": { "line": 98, "column": 14 }
        },
        "locations": [
          {
            "start": { "line": 84, "column": 8 },
            "end": { "line": 98, "column": 14 }
          }
        ]
      },
      "4": {
        "type": "branch",
        "line": 87,
        "loc": {
          "start": { "line": 87, "column": 108 },
          "end": { "line": 87, "column": 157 }
        },
        "locations": [
          {
            "start": { "line": 87, "column": 108 },
            "end": { "line": 87, "column": 157 }
          }
        ]
      },
      "5": {
        "type": "branch",
        "line": 93,
        "loc": {
          "start": { "line": 93, "column": 108 },
          "end": { "line": 93, "column": 157 }
        },
        "locations": [
          {
            "start": { "line": 93, "column": 108 },
            "end": { "line": 93, "column": 157 }
          }
        ]
      },
      "6": {
        "type": "branch",
        "line": 98,
        "loc": {
          "start": { "line": 98, "column": 8 },
          "end": { "line": 124, "column": 14 }
        },
        "locations": [
          {
            "start": { "line": 98, "column": 8 },
            "end": { "line": 124, "column": 14 }
          }
        ]
      },
      "7": {
        "type": "branch",
        "line": 102,
        "loc": {
          "start": { "line": 102, "column": 108 },
          "end": { "line": 102, "column": 157 }
        },
        "locations": [
          {
            "start": { "line": 102, "column": 108 },
            "end": { "line": 102, "column": 157 }
          }
        ]
      },
      "8": {
        "type": "branch",
        "line": 108,
        "loc": {
          "start": { "line": 108, "column": 108 },
          "end": { "line": 108, "column": 157 }
        },
        "locations": [
          {
            "start": { "line": 108, "column": 108 },
            "end": { "line": 108, "column": 157 }
          }
        ]
      },
      "9": {
        "type": "branch",
        "line": 114,
        "loc": {
          "start": { "line": 114, "column": 108 },
          "end": { "line": 114, "column": 157 }
        },
        "locations": [
          {
            "start": { "line": 114, "column": 108 },
            "end": { "line": 114, "column": 157 }
          }
        ]
      },
      "10": {
        "type": "branch",
        "line": 120,
        "loc": {
          "start": { "line": 120, "column": 17 },
          "end": { "line": 120, "column": 48 }
        },
        "locations": [
          {
            "start": { "line": 120, "column": 17 },
            "end": { "line": 120, "column": 48 }
          }
        ]
      },
      "11": {
        "type": "branch",
        "line": 22,
        "loc": {
          "start": { "line": 22, "column": 12 },
          "end": { "line": 31, "column": 5 }
        },
        "locations": [
          {
            "start": { "line": 22, "column": 12 },
            "end": { "line": 31, "column": 5 }
          }
        ]
      },
      "12": {
        "type": "branch",
        "line": 23,
        "loc": {
          "start": { "line": 23, "column": 44 },
          "end": { "line": 29, "column": 5 }
        },
        "locations": [
          {
            "start": { "line": 23, "column": 44 },
            "end": { "line": 29, "column": 5 }
          }
        ]
      },
      "13": {
        "type": "branch",
        "line": 24,
        "loc": {
          "start": { "line": 24, "column": 16 },
          "end": { "line": 28, "column": 7 }
        },
        "locations": [
          {
            "start": { "line": 24, "column": 16 },
            "end": { "line": 28, "column": 7 }
          }
        ]
      },
      "14": {
        "type": "branch",
        "line": 30,
        "loc": {
          "start": { "line": 30, "column": 11 },
          "end": { "line": 30, "column": 26 }
        },
        "locations": [
          {
            "start": { "line": 30, "column": 11 },
            "end": { "line": 30, "column": 26 }
          }
        ]
      },
      "15": {
        "type": "branch",
        "line": 33,
        "loc": {
          "start": { "line": 33, "column": 12 },
          "end": { "line": 48, "column": 5 }
        },
        "locations": [
          {
            "start": { "line": 33, "column": 12 },
            "end": { "line": 48, "column": 5 }
          }
        ]
      },
      "16": {
        "type": "branch",
        "line": 47,
        "loc": {
          "start": { "line": 47, "column": 11 },
          "end": { "line": 47, "column": 68 }
        },
        "locations": [
          {
            "start": { "line": 47, "column": 11 },
            "end": { "line": 47, "column": 68 }
          }
        ]
      },
      "17": {
        "type": "branch",
        "line": 65,
        "loc": {
          "start": { "line": 65, "column": 18 },
          "end": { "line": 80, "column": 17 }
        },
        "locations": [
          {
            "start": { "line": 65, "column": 18 },
            "end": { "line": 80, "column": 17 }
          }
        ]
      },
      "18": {
        "type": "branch",
        "line": 69,
        "loc": {
          "start": { "line": 69, "column": 40 },
          "end": { "line": 70, "column": 116 }
        },
        "locations": [
          {
            "start": { "line": 69, "column": 40 },
            "end": { "line": 70, "column": 116 }
          }
        ]
      },
      "19": {
        "type": "branch",
        "line": 70,
        "loc": {
          "start": { "line": 70, "column": 36 },
          "end": { "line": 70, "column": 85 }
        },
        "locations": [
          {
            "start": { "line": 70, "column": 36 },
            "end": { "line": 70, "column": 85 }
          }
        ]
      },
      "20": {
        "type": "branch",
        "line": 70,
        "loc": {
          "start": { "line": 70, "column": 114 },
          "end": { "line": 75, "column": 20 }
        },
        "locations": [
          {
            "start": { "line": 70, "column": 114 },
            "end": { "line": 75, "column": 20 }
          }
        ]
      },
      "21": {
        "type": "branch",
        "line": 72,
        "loc": {
          "start": { "line": 72, "column": 20 },
          "end": { "line": 73, "column": 57 }
        },
        "locations": [
          {
            "start": { "line": 72, "column": 20 },
            "end": { "line": 73, "column": 57 }
          }
        ]
      }
    },
    "b": {
      "0": [3],
      "1": [0],
      "2": [0],
      "3": [2],
      "4": [0],
      "5": [0],
      "6": [1],
      "7": [0],
      "8": [0],
      "9": [0],
      "10": [0],
      "11": [2],
      "12": [2],
      "13": [1],
      "14": [2],
      "15": [2],
      "16": [2],
      "17": [6],
      "18": [3],
      "19": [0],
      "20": [3],
      "21": [0]
    },
    "fnMap": {
      "0": {
        "name": "Header",
        "decl": {
          "start": { "line": 15, "column": 0 },
          "end": { "line": 128, "column": 1 }
        },
        "loc": {
          "start": { "line": 15, "column": 0 },
          "end": { "line": 128, "column": 1 }
        },
        "line": 15
      },
      "1": {
        "name": "handleScroll",
        "decl": {
          "start": { "line": 34, "column": 25 },
          "end": { "line": 45, "column": 6 }
        },
        "loc": {
          "start": { "line": 34, "column": 25 },
          "end": { "line": 45, "column": 6 }
        },
        "line": 34
      }
    },
    "f": { "0": 3, "1": 0 }
  },
  "D:\\Work\\RSSchool\\React\\finalTask\\graphiql-app\\graphiql-app\\app\\components\\AuthCheck\\AuthCheck.tsx": {
    "path": "D:\\Work\\RSSchool\\React\\finalTask\\graphiql-app\\graphiql-app\\app\\components\\AuthCheck\\AuthCheck.tsx",
    "all": false,
    "statementMap": {
      "0": {
        "start": { "line": 1, "column": 0 },
        "end": { "line": 1, "column": 47 }
      },
      "1": {
        "start": { "line": 2, "column": 0 },
        "end": { "line": 2, "column": 51 }
      },
      "2": {
        "start": { "line": 3, "column": 0 },
        "end": { "line": 3, "column": 55 }
      },
      "3": {
        "start": { "line": 4, "column": 0 },
        "end": { "line": 4, "column": 35 }
      },
      "4": {
        "start": { "line": 5, "column": 0 },
        "end": { "line": 5, "column": 38 }
      },
      "10": {
        "start": { "line": 11, "column": 0 },
        "end": { "line": 11, "column": 63 }
      },
      "11": {
        "start": { "line": 12, "column": 0 },
        "end": { "line": 12, "column": 47 }
      },
      "12": {
        "start": { "line": 13, "column": 0 },
        "end": { "line": 13, "column": 64 }
      },
      "13": {
        "start": { "line": 14, "column": 0 },
        "end": { "line": 14, "column": 33 }
      },
      "15": {
        "start": { "line": 16, "column": 0 },
        "end": { "line": 16, "column": 19 }
      },
      "16": {
        "start": { "line": 17, "column": 0 },
        "end": { "line": 17, "column": 60 }
      },
      "17": {
        "start": { "line": 18, "column": 0 },
        "end": { "line": 18, "column": 17 }
      },
      "18": {
        "start": { "line": 19, "column": 0 },
        "end": { "line": 19, "column": 33 }
      },
      "19": {
        "start": { "line": 20, "column": 0 },
        "end": { "line": 20, "column": 14 }
      },
      "20": {
        "start": { "line": 21, "column": 0 },
        "end": { "line": 21, "column": 33 }
      },
      "21": {
        "start": { "line": 22, "column": 0 },
        "end": { "line": 22, "column": 7 }
      },
      "22": {
        "start": { "line": 23, "column": 0 },
        "end": { "line": 23, "column": 24 }
      },
      "23": {
        "start": { "line": 24, "column": 0 },
        "end": { "line": 24, "column": 7 }
      },
      "25": {
        "start": { "line": 26, "column": 0 },
        "end": { "line": 26, "column": 31 }
      },
      "26": {
        "start": { "line": 27, "column": 0 },
        "end": { "line": 27, "column": 17 }
      },
      "28": {
        "start": { "line": 29, "column": 0 },
        "end": { "line": 29, "column": 16 }
      },
      "29": {
        "start": { "line": 30, "column": 0 },
        "end": { "line": 30, "column": 33 }
      },
      "30": {
        "start": { "line": 31, "column": 0 },
        "end": { "line": 31, "column": 3 }
      },
      "32": {
        "start": { "line": 33, "column": 0 },
        "end": { "line": 33, "column": 50 }
      },
      "33": {
        "start": { "line": 34, "column": 0 },
        "end": { "line": 34, "column": 2 }
      },
      "35": {
        "start": { "line": 36, "column": 0 },
        "end": { "line": 36, "column": 23 }
      },
      "36": {
        "start": { "line": 37, "column": 0 },
        "end": { "line": 37, "column": 38 }
      },
      "37": {
        "start": { "line": 38, "column": 0 },
        "end": { "line": 38, "column": 2 }
      },
      "39": {
        "start": { "line": 40, "column": 0 },
        "end": { "line": 40, "column": 25 }
      }
    },
    "s": {
      "0": 1,
      "1": 1,
      "2": 1,
      "3": 1,
      "4": 1,
      "10": 1,
      "11": 3,
      "12": 3,
      "13": 3,
      "15": 3,
      "16": 2,
      "17": 1,
      "18": 1,
      "19": 1,
      "20": 0,
      "21": 0,
      "22": 1,
      "23": 2,
      "25": 2,
      "26": 3,
      "28": 3,
      "29": 2,
      "30": 2,
      "32": 3,
      "33": 3,
      "35": 1,
      "36": 1,
      "37": 1,
      "39": 1
    },
    "branchMap": {
      "0": {
        "type": "branch",
        "line": 11,
        "loc": {
          "start": { "line": 11, "column": 44 },
          "end": { "line": 34, "column": 2 }
        },
        "locations": [
          {
            "start": { "line": 11, "column": 44 },
            "end": { "line": 34, "column": 2 }
          }
        ]
      },
      "1": {
        "type": "branch",
        "line": 29,
        "loc": {
          "start": { "line": 29, "column": 15 },
          "end": { "line": 31, "column": 3 }
        },
        "locations": [
          {
            "start": { "line": 29, "column": 15 },
            "end": { "line": 31, "column": 3 }
          }
        ]
      },
      "2": {
        "type": "branch",
        "line": 31,
        "loc": {
          "start": { "line": 31, "column": 2 },
          "end": { "line": 33, "column": 41 }
        },
        "locations": [
          {
            "start": { "line": 31, "column": 2 },
            "end": { "line": 33, "column": 41 }
          }
        ]
      },
      "3": {
        "type": "branch",
        "line": 33,
        "loc": {
          "start": { "line": 33, "column": 30 },
          "end": { "line": 33, "column": 46 }
        },
        "locations": [
          {
            "start": { "line": 33, "column": 30 },
            "end": { "line": 33, "column": 46 }
          }
        ]
      },
      "4": {
        "type": "branch",
        "line": 16,
        "loc": {
          "start": { "line": 16, "column": 12 },
          "end": { "line": 27, "column": 5 }
        },
        "locations": [
          {
            "start": { "line": 16, "column": 12 },
            "end": { "line": 27, "column": 5 }
          }
        ]
      },
      "5": {
        "type": "branch",
        "line": 17,
        "loc": {
          "start": { "line": 17, "column": 49 },
          "end": { "line": 24, "column": 5 }
        },
        "locations": [
          {
            "start": { "line": 17, "column": 49 },
            "end": { "line": 24, "column": 5 }
          }
        ]
      },
      "6": {
        "type": "branch",
        "line": 20,
        "loc": {
          "start": { "line": 20, "column": 6 },
          "end": { "line": 22, "column": 7 }
        },
        "locations": [
          {
            "start": { "line": 20, "column": 6 },
            "end": { "line": 22, "column": 7 }
          }
        ]
      },
      "7": {
        "type": "branch",
        "line": 26,
        "loc": {
          "start": { "line": 26, "column": 11 },
          "end": { "line": 26, "column": 31 }
        },
        "locations": [
          {
            "start": { "line": 26, "column": 11 },
            "end": { "line": 26, "column": 31 }
          }
        ]
      }
    },
    "b": {
      "0": [3],
      "1": [2],
      "2": [1],
      "3": [0],
      "4": [2],
      "5": [1],
      "6": [0],
      "7": [2]
    },
    "fnMap": {
      "0": {
        "name": "AuthCheck",
        "decl": {
          "start": { "line": 11, "column": 44 },
          "end": { "line": 34, "column": 2 }
        },
        "loc": {
          "start": { "line": 11, "column": 44 },
          "end": { "line": 34, "column": 2 }
        },
        "line": 11
      }
    },
    "f": { "0": 3 }
  },
  "D:\\Work\\RSSchool\\React\\finalTask\\graphiql-app\\graphiql-app\\app\\components\\DataHandling\\DataHandling.tsx": {
    "path": "D:\\Work\\RSSchool\\React\\finalTask\\graphiql-app\\graphiql-app\\app\\components\\DataHandling\\DataHandling.tsx",
    "all": false,
    "statementMap": {
      "0": {
        "start": { "line": 1, "column": 0 },
        "end": { "line": 1, "column": 49 }
      },
      "1": {
        "start": { "line": 2, "column": 0 },
        "end": { "line": 2, "column": 25 }
      },
      "2": {
        "start": { "line": 3, "column": 0 },
        "end": { "line": 3, "column": 17 }
      },
      "3": {
        "start": { "line": 4, "column": 0 },
        "end": { "line": 4, "column": 3 }
      },
      "5": {
        "start": { "line": 6, "column": 0 },
        "end": { "line": 6, "column": 50 }
      },
      "6": {
        "start": { "line": 7, "column": 0 },
        "end": { "line": 7, "column": 32 }
      },
      "7": {
        "start": { "line": 8, "column": 0 },
        "end": { "line": 8, "column": 17 }
      },
      "8": {
        "start": { "line": 9, "column": 0 },
        "end": { "line": 9, "column": 3 }
      },
      "10": {
        "start": { "line": 11, "column": 0 },
        "end": { "line": 11, "column": 80 }
      },
      "11": {
        "start": { "line": 12, "column": 0 },
        "end": { "line": 12, "column": 40 }
      },
      "12": {
        "start": { "line": 13, "column": 0 },
        "end": { "line": 13, "column": 2 }
      },
      "14": {
        "start": { "line": 15, "column": 0 },
        "end": { "line": 15, "column": 55 }
      },
      "15": {
        "start": { "line": 16, "column": 0 },
        "end": { "line": 16, "column": 49 }
      },
      "16": {
        "start": { "line": 17, "column": 0 },
        "end": { "line": 17, "column": 70 }
      },
      "18": {
        "start": { "line": 19, "column": 0 },
        "end": { "line": 19, "column": 69 }
      },
      "19": {
        "start": { "line": 20, "column": 0 },
        "end": { "line": 20, "column": 2 }
      }
    },
    "s": {
      "0": 1,
      "1": 3,
      "2": 0,
      "3": 0,
      "5": 3,
      "6": 3,
      "7": 1,
      "8": 1,
      "10": 2,
      "11": 2,
      "12": 2,
      "14": 1,
      "15": 3,
      "16": 3,
      "18": 3,
      "19": 3
    },
    "branchMap": {
      "0": {
        "type": "branch",
        "line": 1,
        "loc": {
          "start": { "line": 1, "column": 29 },
          "end": { "line": 13, "column": 2 }
        },
        "locations": [
          {
            "start": { "line": 1, "column": 29 },
            "end": { "line": 13, "column": 2 }
          }
        ]
      },
      "1": {
        "type": "branch",
        "line": 2,
        "loc": {
          "start": { "line": 2, "column": 24 },
          "end": { "line": 4, "column": 3 }
        },
        "locations": [
          {
            "start": { "line": 2, "column": 24 },
            "end": { "line": 4, "column": 3 }
          }
        ]
      },
      "2": {
        "type": "branch",
        "line": 7,
        "loc": {
          "start": { "line": 7, "column": 31 },
          "end": { "line": 9, "column": 3 }
        },
        "locations": [
          {
            "start": { "line": 7, "column": 31 },
            "end": { "line": 9, "column": 3 }
          }
        ]
      },
      "3": {
        "type": "branch",
        "line": 9,
        "loc": {
          "start": { "line": 9, "column": 2 },
          "end": { "line": 13, "column": 2 }
        },
        "locations": [
          {
            "start": { "line": 9, "column": 2 },
            "end": { "line": 13, "column": 2 }
          }
        ]
      },
      "4": {
        "type": "branch",
        "line": 15,
        "loc": {
          "start": { "line": 15, "column": 32 },
          "end": { "line": 20, "column": 2 }
        },
        "locations": [
          {
            "start": { "line": 15, "column": 32 },
            "end": { "line": 20, "column": 2 }
          }
        ]
      },
      "5": {
        "type": "branch",
        "line": 19,
        "loc": {
          "start": { "line": 19, "column": 36 },
          "end": { "line": 19, "column": 69 }
        },
        "locations": [
          {
            "start": { "line": 19, "column": 36 },
            "end": { "line": 19, "column": 69 }
          }
        ]
      }
    },
    "b": { "0": [3], "1": [0], "2": [1], "3": [2], "4": [3], "5": [2] },
    "fnMap": {
      "0": {
        "name": "validateEmail",
        "decl": {
          "start": { "line": 1, "column": 29 },
          "end": { "line": 13, "column": 2 }
        },
        "loc": {
          "start": { "line": 1, "column": 29 },
          "end": { "line": 13, "column": 2 }
        },
        "line": 1
      },
      "1": {
        "name": "validatePassword",
        "decl": {
          "start": { "line": 15, "column": 32 },
[...]
        "end": { "line": 52, "column": 33 }
      },
      "52": {
        "start": { "line": 53, "column": 0 },
        "end": { "line": 53, "column": 15 }
      },
      "53": {
        "start": { "line": 54, "column": 0 },
        "end": { "line": 54, "column": 12 }
      },
      "54": {
        "start": { "line": 55, "column": 0 },
        "end": { "line": 55, "column": 16 }
      },
      "55": {
        "start": { "line": 56, "column": 0 },
        "end": { "line": 56, "column": 14 }
      },
      "56": {
        "start": { "line": 57, "column": 0 },
        "end": { "line": 57, "column": 18 }
      },
      "57": {
        "start": { "line": 58, "column": 0 },
        "end": { "line": 58, "column": 6 }
      },
      "59": {
        "start": { "line": 60, "column": 0 },
        "end": { "line": 60, "column": 34 }
      },
      "60": {
        "start": { "line": 61, "column": 0 },
        "end": { "line": 61, "column": 5 }
      },
      "61": {
        "start": { "line": 62, "column": 0 },
        "end": { "line": 62, "column": 3 }
      }
    },
    "s": {
      "0": 1,
      "5": 1,
      "7": 1,
      "8": 1,
      "9": 1,
      "10": 1,
      "11": 1,
      "12": 1,
      "13": 1,
      "15": 1,
      "16": 1,
      "17": 1,
      "18": 1,
      "19": 1,
      "20": 1,
      "21": 1,
      "23": 1,
      "24": 1,
      "25": 1,
      "26": 1,
      "27": 1,
      "28": 1,
      "29": 1,
      "31": 1,
      "32": 1,
      "33": 1,
      "34": 1,
      "35": 1,
      "36": 1,
      "37": 1,
      "38": 1,
      "40": 1,
      "41": 1,
      "43": 1,
      "44": 1,
      "45": 1,
      "46": 1,
      "47": 1,
      "48": 1,
      "50": 1,
      "51": 1,
      "52": 1,
      "53": 1,
      "54": 1,
      "55": 1,
      "56": 1,
      "57": 1,
      "59": 1,
      "60": 1,
      "61": 1
    },
    "branchMap": {
      "0": {
        "type": "branch",
        "line": 8,
        "loc": {
          "start": { "line": 8, "column": 25 },
          "end": { "line": 14, "column": 3 }
        },
        "locations": [
          {
            "start": { "line": 8, "column": 25 },
            "end": { "line": 14, "column": 3 }
          }
        ]
      },
      "1": {
        "type": "branch",
        "line": 9,
        "loc": {
          "start": { "line": 9, "column": 51 },
          "end": { "line": 13, "column": 3 }
        },
        "locations": [
          {
            "start": { "line": 9, "column": 51 },
            "end": { "line": 13, "column": 3 }
          }
        ]
      },
      "2": {
        "type": "branch",
        "line": 16,
        "loc": {
          "start": { "line": 16, "column": 25 },
          "end": { "line": 22, "column": 3 }
        },
        "locations": [
          {
            "start": { "line": 16, "column": 25 },
            "end": { "line": 22, "column": 3 }
          }
        ]
      },
      "3": {
        "type": "branch",
        "line": 17,
        "loc": {
          "start": { "line": 17, "column": 48 },
          "end": { "line": 21, "column": 3 }
        },
        "locations": [
          {
            "start": { "line": 17, "column": 48 },
            "end": { "line": 21, "column": 3 }
          }
        ]
      },
      "4": {
        "type": "branch",
        "line": 24,
        "loc": {
          "start": { "line": 24, "column": 29 },
          "end": { "line": 62, "column": 3 }
        },
        "locations": [
          {
            "start": { "line": 24, "column": 29 },
            "end": { "line": 62, "column": 3 }
          }
        ]
      },
      "5": {
        "type": "branch",
        "line": 25,
        "loc": {
          "start": { "line": 25, "column": 66 },
          "end": { "line": 42, "column": 3 }
        },
        "locations": [
          {
            "start": { "line": 25, "column": 66 },
            "end": { "line": 42, "column": 3 }
          }
        ]
      },
      "6": {
        "type": "branch",
        "line": 44,
        "loc": {
          "start": { "line": 44, "column": 67 },
          "end": { "line": 61, "column": 3 }
        },
        "locations": [
          {
            "start": { "line": 44, "column": 67 },
            "end": { "line": 61, "column": 3 }
          }
        ]
      }
    },
    "b": {
      "0": [1],
      "1": [1],
      "2": [1],
      "3": [1],
      "4": [1],
      "5": [1],
      "6": [1]
    },
    "fnMap": {},
    "f": {}
  },
  "D:\\Work\\RSSchool\\React\\finalTask\\graphiql-app\\graphiql-app\\app\\utils\\encode.tsx": {
    "path": "D:\\Work\\RSSchool\\React\\finalTask\\graphiql-app\\graphiql-app\\app\\utils\\encode.tsx",
    "all": false,
    "statementMap": {
      "0": {
        "start": { "line": 1, "column": 0 },
        "end": { "line": 1, "column": 43 }
      },
      "1": {
        "start": { "line": 2, "column": 0 },
        "end": { "line": 2, "column": 19 }
      },
      "2": {
        "start": { "line": 3, "column": 0 },
        "end": { "line": 3, "column": 1 }
      },
      "4": {
        "start": { "line": 5, "column": 0 },
        "end": { "line": 5, "column": 43 }
      },
      "5": {
        "start": { "line": 6, "column": 0 },
        "end": { "line": 6, "column": 19 }
      },
      "6": {
        "start": { "line": 7, "column": 0 },
        "end": { "line": 7, "column": 1 }
      },
      "8": {
        "start": { "line": 9, "column": 0 },
        "end": { "line": 9, "column": 33 }
      },
      "9": {
        "start": { "line": 10, "column": 0 },
        "end": { "line": 10, "column": 19 }
      },
      "10": {
        "start": { "line": 11, "column": 0 },
        "end": { "line": 11, "column": 16 }
      },
      "11": {
        "start": { "line": 12, "column": 0 },
        "end": { "line": 12, "column": 20 }
      },
      "12": {
        "start": { "line": 13, "column": 0 },
        "end": { "line": 13, "column": 34 }
      },
      "13": {
        "start": { "line": 14, "column": 0 },
        "end": { "line": 14, "column": 22 }
      },
      "14": {
        "start": { "line": 15, "column": 0 },
        "end": { "line": 15, "column": 3 }
      },
      "15": {
        "start": { "line": 16, "column": 0 },
        "end": { "line": 16, "column": 48 }
      },
      "16": {
        "start": { "line": 17, "column": 0 },
        "end": { "line": 17, "column": 72 }
      },
      "17": {
        "start": { "line": 18, "column": 0 },
        "end": { "line": 18, "column": 27 }
      },
      "18": {
        "start": { "line": 19, "column": 0 },
        "end": { "line": 19, "column": 77 }
      },
      "20": {
        "start": { "line": 21, "column": 0 },
        "end": { "line": 21, "column": 43 }
      },
      "21": {
        "start": { "line": 22, "column": 0 },
        "end": { "line": 22, "column": 9 }
      },
      "22": {
        "start": { "line": 23, "column": 0 },
        "end": { "line": 23, "column": 80 }
      },
      "23": {
        "start": { "line": 24, "column": 0 },
        "end": { "line": 24, "column": 5 }
      },
      "24": {
        "start": { "line": 25, "column": 0 },
        "end": { "line": 25, "column": 15 }
      },
      "26": {
        "start": { "line": 27, "column": 0 },
        "end": { "line": 27, "column": 52 }
      },
      "27": {
        "start": { "line": 28, "column": 0 },
        "end": { "line": 28, "column": 42 }
      },
      "28": {
        "start": { "line": 29, "column": 0 },
        "end": { "line": 29, "column": 5 }
      },
      "29": {
        "start": { "line": 30, "column": 0 },
        "end": { "line": 30, "column": 21 }
      },
      "30": {
        "start": { "line": 31, "column": 0 },
        "end": { "line": 31, "column": 61 }
      },
      "31": {
        "start": { "line": 32, "column": 0 },
        "end": { "line": 32, "column": 10 }
      },
      "32": {
        "start": { "line": 33, "column": 0 },
        "end": { "line": 33, "column": 5 }
      },
      "33": {
        "start": { "line": 34, "column": 0 },
        "end": { "line": 34, "column": 1 }
      }
    },
    "s": {
      "0": 1,
      "1": 11,
      "2": 11,
      "4": 1,
      "5": 20,
      "6": 20,
      "8": 1,
      "9": 2,
      "10": 2,
      "11": 2,
      "12": 2,
      "13": 2,
      "14": 2,
      "15": 2,
      "16": 2,
      "17": 2,
      "18": 2,
      "20": 2,
      "21": 2,
      "22": 2,
      "23": 2,
      "24": 2,
      "26": 2,
      "27": 2,
      "28": 2,
      "29": 2,
      "30": 1,
      "31": 1,
      "32": 2,
      "33": 2
    },
    "branchMap": {
      "0": {
        "type": "branch",
        "line": 1,
        "loc": {
          "start": { "line": 1, "column": 7 },
          "end": { "line": 3, "column": 1 }
        },
        "locations": [
          {
            "start": { "line": 1, "column": 7 },
            "end": { "line": 3, "column": 1 }
          }
        ]
      },
      "1": {
        "type": "branch",
        "line": 5,
        "loc": {
          "start": { "line": 5, "column": 7 },
          "end": { "line": 7, "column": 1 }
        },
        "locations": [
          {
            "start": { "line": 5, "column": 7 },
            "end": { "line": 7, "column": 1 }
          }
        ]
      },
      "2": {
        "type": "branch",
        "line": 9,
        "loc": {
          "start": { "line": 9, "column": 7 },
          "end": { "line": 34, "column": 1 }
        },
        "locations": [
          {
            "start": { "line": 9, "column": 7 },
            "end": { "line": 34, "column": 1 }
          }
        ]
      },
      "3": {
        "type": "branch",
        "line": 19,
        "loc": {
          "start": { "line": 19, "column": 4 },
          "end": { "line": 19, "column": 46 }
        },
        "locations": [
          {
            "start": { "line": 19, "column": 4 },
            "end": { "line": 19, "column": 46 }
          }
        ]
      },
      "4": {
        "type": "branch",
        "line": 19,
        "loc": {
          "start": { "line": 19, "column": 35 },
          "end": { "line": 19, "column": 74 }
        },
        "locations": [
          {
            "start": { "line": 19, "column": 35 },
            "end": { "line": 19, "column": 74 }
          }
        ]
      },
      "5": {
        "type": "branch",
        "line": 19,
        "loc": {
          "start": { "line": 19, "column": 70 },
          "end": { "line": 19, "column": 77 }
        },
        "locations": [
          {
            "start": { "line": 19, "column": 70 },
            "end": { "line": 19, "column": 77 }
          }
        ]
      },
      "6": {
        "type": "branch",
        "line": 28,
        "loc": {
          "start": { "line": 28, "column": 35 },
          "end": { "line": 28, "column": 42 }
        },
        "locations": [
          {
            "start": { "line": 28, "column": 35 },
            "end": { "line": 28, "column": 42 }
          }
        ]
      },
      "7": {
        "type": "branch",
        "line": 30,
        "loc": {
          "start": { "line": 30, "column": 4 },
          "end": { "line": 31, "column": 61 }
        },
        "locations": [
          {
            "start": { "line": 30, "column": 4 },
            "end": { "line": 31, "column": 61 }
          }
        ]
      },
      "8": {
        "type": "branch",
        "line": 31,
        "loc": {
          "start": { "line": 31, "column": 26 },
          "end": { "line": 31, "column": 35 }
        },
        "locations": [
          {
            "start": { "line": 31, "column": 26 },
            "end": { "line": 31, "column": 35 }
          }
        ]
      },
      "9": {
        "type": "branch",
        "line": 31,
        "loc": {
          "start": { "line": 31, "column": 59 },
          "end": { "line": 32, "column": 10 }
        },
        "locations": [
          {
            "start": { "line": 31, "column": 59 },
            "end": { "line": 32, "column": 10 }
          }
        ]
      },
      "10": {
        "type": "branch",
        "line": 23,
        "loc": {
          "start": { "line": 23, "column": 6 },
          "end": { "line": 23, "column": 80 }
        },
        "locations": [
          {
            "start": { "line": 23, "column": 6 },
            "end": { "line": 23, "column": 80 }
          }
        ]
      }
    },
    "b": {
      "0": [11],
      "1": [20],
      "2": [2],
      "3": [1],
      "4": [1],
      "5": [1],
      "6": [0],
      "7": [1],
      "8": [0],
      "9": [1],
      "10": [2]
    },
    "fnMap": {
      "0": {
        "name": "encodeBase64",
        "decl": {
          "start": { "line": 1, "column": 7 },
          "end": { "line": 3, "column": 1 }
        },
        "loc": {
          "start": { "line": 1, "column": 7 },
          "end": { "line": 3, "column": 1 }
        },
        "line": 1
      },
      "1": {
        "name": "decodeBase64",
        "decl": {
          "start": { "line": 5, "column": 7 },
          "end": { "line": 7, "column": 1 }
        },
        "loc": {
          "start": { "line": 5, "column": 7 },
          "end": { "line": 7, "column": 1 }
        },
        "line": 5
      },
      "2": {
        "name": "buildGraphiQLUrl",
        "decl": {
          "start": { "line": 9, "column": 7 },
          "end": { "line": 34, "column": 1 }
        },
        "loc": {
          "start": { "line": 9, "column": 7 },
          "end": { "line": 34, "column": 1 }
        },
        "line": 9
      }
    },
    "f": { "0": 11, "1": 20, "2": 2 }
  },
  "D:\\Work\\RSSchool\\React\\finalTask\\graphiql-app\\graphiql-app\\app\\utils\\localStorage.tsx": {
    "path": "D:\\Work\\RSSchool\\React\\finalTask\\graphiql-app\\graphiql-app\\app\\utils\\localStorage.tsx",
    "all": false,
    "statementMap": {
      "0": {
        "start": { "line": 1, "column": 0 },
        "end": { "line": 1, "column": 65 }
      },
      "1": {
        "start": { "line": 2, "column": 0 },
        "end": { "line": 2, "column": 32 }
      },
      "2": {
        "start": { "line": 3, "column": 0 },
        "end": { "line": 3, "column": 46 }
      },
      "3": {
        "start": { "line": 4, "column": 0 },
        "end": { "line": 4, "column": 11 }
      },
      "4": {
        "start": { "line": 5, "column": 0 },
        "end": { "line": 5, "column": 30 }
      },
      "5": {
        "start": { "line": 6, "column": 0 },
        "end": { "line": 6, "column": 3 }
      },
      "6": {
        "start": { "line": 7, "column": 0 },
        "end": { "line": 7, "column": 46 }
      },
      "7": {
        "start": { "line": 8, "column": 0 },
        "end": { "line": 8, "column": 61 }
      },
      "8": {
        "start": { "line": 9, "column": 0 },
        "end": { "line": 9, "column": 1 }
      },
      "10": {
        "start": { "line": 11, "column": 0 },
        "end": { "line": 11, "column": 46 }
      },
      "11": {
        "start": { "line": 12, "column": 0 },
        "end": { "line": 12, "column": 46 }
      },
      "12": {
        "start": { "line": 13, "column": 0 },
        "end": { "line": 13, "column": 32 }
      },
      "13": {
        "start": { "line": 14, "column": 0 },
        "end": { "line": 14, "column": 14 }
      },
      "14": {
        "start": { "line": 15, "column": 0 },
        "end": { "line": 15, "column": 1 }
      }
    },
    "s": {
      "0": 1,
      "1": 0,
      "2": 0,
      "3": 0,
      "4": 0,
      "5": 0,
      "6": 0,
      "7": 0,
      "8": 0,
      "10": 1,
      "11": 0,
      "12": 0,
      "13": 0,
      "14": 0
    },
    "branchMap": {},
    "b": {},
    "fnMap": {
      "0": {
        "name": "saveToLocalStorage",
        "decl": {
          "start": { "line": 1, "column": 7 },
          "end": { "line": 9, "column": 1 }
        },
        "loc": {
          "start": { "line": 1, "column": 7 },
          "end": { "line": 9, "column": 1 }
        },
        "line": 1
      },
      "1": {
        "name": "getHistoryFromLocalStorage",
        "decl": {
          "start": { "line": 11, "column": 7 },
          "end": { "line": 15, "column": 1 }
        },
        "loc": {
          "start": { "line": 11, "column": 7 },
          "end": { "line": 15, "column": 1 }
        },
        "line": 11
      }
    },
    "f": { "0": 0, "1": 0 }
  },
  "D:\\Work\\RSSchool\\React\\finalTask\\graphiql-app\\graphiql-app\\app\\utils\\toast.tsx": {
    "path": "D:\\Work\\RSSchool\\React\\finalTask\\graphiql-app\\graphiql-app\\app\\utils\\toast.tsx",
    "all": false,
    "statementMap": {
      "0": {
        "start": { "line": 1, "column": 0 },
        "end": { "line": 1, "column": 35 }
      },
      "2": {
        "start": { "line": 3, "column": 0 },
        "end": { "line": 3, "column": 68 }
      },
      "3": {
        "start": { "line": 4, "column": 0 },
        "end": { "line": 4, "column": 26 }
      },
      "4": {
        "start": { "line": 5, "column": 0 },
        "end": { "line": 5, "column": 51 }
      },
      "5": {
        "start": { "line": 6, "column": 0 },
        "end": { "line": 6, "column": 52 }
      },
      "7": {
        "start": { "line": 8, "column": 0 },
        "end": { "line": 8, "column": 12 }
      },
      "8": {
        "start": { "line": 9, "column": 0 },
        "end": { "line": 9, "column": 18 }
      },
      "9": {
        "start": { "line": 10, "column": 0 },
        "end": { "line": 10, "column": 19 }
      },
      "10": {
        "start": { "line": 11, "column": 0 },
        "end": { "line": 11, "column": 19 }
      },
      "11": {
        "start": { "line": 12, "column": 0 },
        "end": { "line": 12, "column": 21 }
      },
      "12": {
        "start": { "line": 13, "column": 0 },
        "end": { "line": 13, "column": 13 }
      },
      "13": {
        "start": { "line": 14, "column": 0 },
        "end": { "line": 14, "column": 13 }
      },
      "14": {
        "start": { "line": 15, "column": 0 },
        "end": { "line": 15, "column": 16 }
      },
      "15": {
        "start": { "line": 16, "column": 0 },
        "end": { "line": 16, "column": 6 }
      },
      "16": {
        "start": { "line": 17, "column": 0 },
        "end": { "line": 17, "column": 22 }
      },
      "17": {
        "start": { "line": 18, "column": 0 },
        "end": { "line": 18, "column": 12 }
      },
      "18": {
        "start": { "line": 19, "column": 0 },
        "end": { "line": 19, "column": 29 }
      },
      "19": {
        "start": { "line": 20, "column": 0 },
        "end": { "line": 20, "column": 24 }
      },
      "20": {
        "start": { "line": 21, "column": 0 },
        "end": { "line": 21, "column": 27 }
      },
      "21": {
        "start": { "line": 22, "column": 0 },
        "end": { "line": 22, "column": 22 }
      },
      "22": {
        "start": { "line": 23, "column": 0 },
        "end": { "line": 23, "column": 20 }
      },
      "23": {
        "start": { "line": 24, "column": 0 },
        "end": { "line": 24, "column": 6 }
      },
      "24": {
        "start": { "line": 25, "column": 0 },
        "end": { "line": 25, "column": 17 }
      },
      "25": {
        "start": { "line": 26, "column": 0 },
        "end": { "line": 26, "column": 1 }
      }
    },
    "s": {
      "0": 1,
      "2": 0,
      "3": 0,
      "4": 0,
      "5": 0,
      "7": 0,
      "8": 0,
      "9": 0,
      "10": 0,
      "11": 0,
      "12": 0,
      "13": 0,
      "14": 0,
      "15": 0,
      "16": 0,
      "17": 0,
      "18": 0,
      "19": 0,
      "20": 0,
      "21": 0,
      "22": 0,
      "23": 0,
      "24": 0,
      "25": 0
    },
    "branchMap": {},
    "b": {},
    "fnMap": {
      "0": {
        "name": "showToast",
        "decl": {
          "start": { "line": 3, "column": 0 },
          "end": { "line": 26, "column": 1 }
        },
        "loc": {
          "start": { "line": 3, "column": 0 },
          "end": { "line": 26, "column": 1 }
        },
        "line": 3
      }
    },
    "f": { "0": 0 }
  }
}
